--------------------------------------------------------------------------------------
      name:  <unnamed>
       log:  C:\Users\nchaku\Documents\GitHub\pubertybrain\Working_memory\WMCleaning.l
> og
  log type:  text
 opened on:  30 Dec 2025, 11:33:37

. 
. ***************************************************************************
. * Created by NC on 12/30/25
. *
. * Last revised by NC on 12/30/25
. *
. * Data Notes:
. * 12/30/25: 
. *  
. ***************************************************************************
. * CLEAN DATA
. ***************************************************************************
. 
. ***open data***
. use "dataset.dta"

. 
. rename participant_id ID /**rename for readability*/

. 
. tab session_id, m

      Event |      Freq.     Percent        Cum.
------------+-----------------------------------
    ses-00A |     11,710       44.47       44.47
    ses-02A |         52        0.20       44.66
    ses-04A |      9,553       36.27       80.94
    ses-06A |      5,020       19.06      100.00
------------+-----------------------------------
      Total |     26,335      100.00

. codebook session_id

--------------------------------------------------------------------------------------
session_id                                                                       Event
--------------------------------------------------------------------------------------

                  Type: Numeric (double)
                 Label: session_id

                 Range: [1,4]                         Units: 1
         Unique values: 4                         Missing .: 0/26,335

            Tabulation: Freq.   Numeric  Label
                       11,710         1  ses-00A
                           52         2  ses-02A
                        9,553         3  ses-04A
                        5,020         4  ses-06A

. 
. rename session_id year

. rename ab_g_dyn_0002 age

. rename ab_g_dyn_0013 SITE

. rename ab_g_stc_0001 FAMID

. 
. order ID FAMID SITE year age

. 
. drop nc_y_nihtb_0067 nc_y_nihtb_0066 nc_y_nihtb_0078 nc_y_nihtb_0080 nc_y_nihtb_0081
>  nc_y_nihtb_0083 nc_y_nihtb_0068 nc_y_nihtb_0069 nc_y_nihtb_0070 nc_y_nihtb_0071 nc_
> y_nihtb_0072 nc_y_nihtb_0073 nc_y_nihtb_0074 nc_y_nihtb_0075 nc_y_nihtb_0076

. 
. rename nc_y_nihtb_0082 WRKMEM

. rename nc_y_nihtb_0077 REMOTE

. 
end of do-file

. do "C:\Users\nchaku\AppData\Local\Temp\STD1c8_00000h.tmp"

. recode REMOTE (1=1) (2=0) (3=.) (4=.)
(7,963 changes made to REMOTE)

. tab REMOTE, m

       List |
    Sorting |
    Working |
Memory Task |
       (NIH |
  Toolbox): |
  Method of |
administrat |
ion [Versio |      Freq.     Percent        Cum.
------------+-----------------------------------
          0 |      7,844       29.79       29.79
          1 |      3,120       11.85       41.63
          . |     15,371       58.37      100.00
------------+-----------------------------------
      Total |     26,335      100.00

. 
end of do-file

. do "C:\Users\nchaku\AppData\Local\Temp\STD1c8_00000i.tmp"

. save "WRKMEM_251230.dta", replace
(file WRKMEM_251230.dta not found)
file WRKMEM_251230.dta saved

. 
end of do-file

. clear

. exit
