Mplus VERSION 8.8 (Mac)
MUTHEN & MUTHEN
01/07/2026   9:11 AM

INPUT INSTRUCTIONS

  TITLE:	GMV growth model- LINEAR - MALE

  DATA:	FILE IS dfmerged_mplus.dat;

  DEFINE:
    ! Rescale large variables to avoid variance > 1,000,000
    ! r indicates rescaled
    rT1_cort = cort_vol_1 / 1000;
    rT2_cort = cort_vol_2 / 1000;
    rT3_cort = cort_vol_3 / 1000;
    rT4_cort = cort_vol_4 / 1000;

  VARIABLE:	

  NAMES = numeric_id sex age_1 age_2 age_3 age_4
  subcort_vol_1 subcort_vol_2 subcort_vol_3 subcort_vol_4
  cort_vol_1 cort_vol_2 cort_vol_3 cort_vol_4
  fam_ID
  T1_totalGMV T2_totalGMV T3_totalGMV T4_totalGMV
  yfPDStiming yfPDStempo pfPDStiming pfPDStempo
  ymPDStiming ymPDStempo pmPDStiming pmPDStempo
  wmb wm6 ela_plus;

  MISSING = ALL (-999);
  USEVAR = rT1_cort rT2_cort rT3_cort rT4_cort;
  SUBPOPULATION = (sex NE 2);
  CLUSTER = fam_ID;

  ANALYSIS:

  TYPE = COMPLEX;
  ESTIMATOR = MLR;
  	
  MODEL:	intercept by rT1_cort-rT4_cort@1;
  	intercept;
  	[intercept];
  	slope BY rT1_cort@0
  		rT2_cort@1
  		rT3_cort@2
  		rT4_cort@3;
  	slope;
  	[slope];
  	intercept WITH slope;
  	rT1_cort-rT4_cort (theta); !theta forces variances to be equal over time
  	[rT1_cort-rT4_cort@0];

  OUTPUT: SAMPSTAT STANDARDIZED TECH4;



INPUT READING TERMINATED NORMALLY



GMV growth model- LINEAR - MALE

SUMMARY OF ANALYSIS

Number of groups                                                 1
Number of observations                                        2644

Number of dependent variables                                    4
Number of independent variables                                  0
Number of continuous latent variables                            2

Observed dependent variables

  Continuous
   RT1_CORT    RT2_CORT    RT3_CORT    RT4_CORT

Continuous latent variables
   INTERCEP    SLOPE

Variables with special functions

  Cluster variable      FAM_ID

Estimator                                                      MLR
Information matrix                                        OBSERVED
Maximum number of iterations                                  1000
Convergence criterion                                    0.500D-04
Maximum number of steepest descent iterations                   20
Maximum number of iterations for H1                           2000
Convergence criterion for H1                             0.100D-03

Input data file(s)
  dfmerged_mplus.dat

Input data format  FREE


SUMMARY OF DATA

     Number of missing data patterns            14
     Number of clusters                       2324



SAMPLE STATISTICS


     ESTIMATED SAMPLE STATISTICS


           Means
              RT1_CORT      RT2_CORT      RT3_CORT      RT4_CORT
              ________      ________      ________      ________
              620.840       611.712       598.851       582.165


           Covariances
              RT1_CORT      RT2_CORT      RT3_CORT      RT4_CORT
              ________      ________      ________      ________
 RT1_CORT    2864.046
 RT2_CORT    2740.261      2874.962
 RT3_CORT    2697.373      2714.154      2856.525
 RT4_CORT    2587.794      2585.873      2641.117      2663.885


           Correlations
              RT1_CORT      RT2_CORT      RT3_CORT      RT4_CORT
              ________      ________      ________      ________
 RT1_CORT       1.000
 RT2_CORT       0.955         1.000
 RT3_CORT       0.943         0.947         1.000
 RT4_CORT       0.937         0.934         0.957         1.000


     MAXIMUM LOG-LIKELIHOOD VALUE FOR THE UNRESTRICTED (H1) MODEL IS -39708.970


UNIVARIATE SAMPLE STATISTICS


     UNIVARIATE HIGHER-ORDER MOMENT DESCRIPTIVE STATISTICS

         Variable/         Mean/     Skewness/   Minimum/ % with                Percentiles
        Sample Size      Variance    Kurtosis    Maximum  Min/Max      20%/60%    40%/80%    Median

     RT1_CORT            620.864       0.015     421.474    0.04%     576.796    607.050    620.370
            2630.000    2867.603       0.230     828.705    0.04%     634.587    664.813
     RT2_CORT            612.261      -0.069     399.014    0.04%     568.783    599.561    613.370
            2310.000    2846.094       0.286     795.911    0.04%     626.140    655.161
     RT3_CORT            599.878       0.054     410.497    0.06%     554.880    586.353    600.959
            1672.000    2852.926       0.249     808.209    0.06%     612.111    643.045
     RT4_CORT            582.759       0.097     394.551    0.05%     540.037    570.099    582.712
            2146.000    2631.317       0.336     777.004    0.05%     595.325    622.793


THE MODEL ESTIMATION TERMINATED NORMALLY



MODEL FIT INFORMATION

Number of Free Parameters                        6

Loglikelihood

          H0 Value                      -39869.274
          H0 Scaling Correction Factor      1.9261
            for MLR
          H1 Value                      -39708.970
          H1 Scaling Correction Factor      2.1136
            for MLR

Information Criteria

          Akaike (AIC)                   79750.548
          Bayesian (BIC)                 79785.828
          Sample-Size Adjusted BIC       79766.764
            (n* = (n + 2) / 24)

Chi-Square Test of Model Fit

          Value                            142.231*
          Degrees of Freedom                     8
          P-Value                           0.0000
          Scaling Correction Factor         2.2541
            for MLR

*   The chi-square value for MLM, MLMV, MLR, ULSMV, WLSM and WLSMV cannot be used
    for chi-square difference testing in the regular way.  MLM, MLR and WLSM
    chi-square difference testing is described on the Mplus website.  MLMV, WLSMV,
    and ULSMV difference testing is done using the DIFFTEST option.

RMSEA (Root Mean Square Error Of Approximation)

          Estimate                           0.080
          90 Percent C.I.                    0.068  0.091
          Probability RMSEA <= .05           0.000

CFI/TLI

          CFI                                0.970
          TLI                                0.977

Chi-Square Test of Model Fit for the Baseline Model

          Value                           4462.453
          Degrees of Freedom                     6
          P-Value                           0.0000

SRMR (Standardized Root Mean Square Residual)

          Value                              0.054



MODEL RESULTS

                                                    Two-Tailed
                    Estimate       S.E.  Est./S.E.    P-Value

 INTERCEP BY
    RT1_CORT           1.000      0.000    999.000    999.000
    RT2_CORT           1.000      0.000    999.000    999.000
    RT3_CORT           1.000      0.000    999.000    999.000
    RT4_CORT           1.000      0.000    999.000    999.000

 SLOPE    BY
    RT1_CORT           0.000      0.000    999.000    999.000
    RT2_CORT           1.000      0.000    999.000    999.000
    RT3_CORT           2.000      0.000    999.000    999.000
    RT4_CORT           3.000      0.000    999.000    999.000

 INTERCEP WITH
    SLOPE            -49.396      8.019     -6.160      0.000

 Means
    INTERCEPT        622.404      1.126    552.569      0.000
    SLOPE            -12.818      0.139    -92.462      0.000

 Intercepts
    RT1_CORT           0.000      0.000    999.000    999.000
    RT2_CORT           0.000      0.000    999.000    999.000
    RT3_CORT           0.000      0.000    999.000    999.000
    RT4_CORT           0.000      0.000    999.000    999.000

 Variances
    INTERCEPT       2776.963     87.414     31.768      0.000
    SLOPE             12.203      1.828      6.677      0.000

 Residual Variances
    RT1_CORT         137.743      7.224     19.067      0.000
    RT2_CORT         137.743      7.224     19.067      0.000
    RT3_CORT         137.743      7.224     19.067      0.000
    RT4_CORT         137.743      7.224     19.067      0.000


QUALITY OF NUMERICAL RESULTS

     Condition Number for the Information Matrix              0.101E-03
       (ratio of smallest to largest eigenvalue)


STANDARDIZED MODEL RESULTS


STDYX Standardization

                                                    Two-Tailed
                    Estimate       S.E.  Est./S.E.    P-Value

 INTERCEP BY
    RT1_CORT           0.976      0.001    696.315      0.000
    RT2_CORT           0.991      0.003    317.485      0.000
    RT3_CORT           1.002      0.006    180.157      0.000
    RT4_CORT           1.009      0.008    123.269      0.000

 SLOPE    BY
    RT1_CORT           0.000      0.000    999.000    999.000
    RT2_CORT           0.066      0.005     13.011      0.000
    RT3_CORT           0.133      0.010     13.002      0.000
    RT4_CORT           0.201      0.015     13.092      0.000

 INTERCEP WITH
    SLOPE             -0.268      0.040     -6.754      0.000

 Means
    INTERCEPT         11.811      0.187     62.996      0.000
    SLOPE             -3.669      0.278    -13.190      0.000

 Intercepts
    RT1_CORT           0.000      0.000    999.000    999.000
    RT2_CORT           0.000      0.000    999.000    999.000
    RT3_CORT           0.000      0.000    999.000    999.000
    RT4_CORT           0.000      0.000    999.000    999.000

 Variances
    INTERCEPT          1.000      0.000    999.000    999.000
    SLOPE              1.000      0.000    999.000    999.000

 Residual Variances
    RT1_CORT           0.047      0.003     17.269      0.000
    RT2_CORT           0.049      0.003     17.416      0.000
    RT3_CORT           0.050      0.003     17.264      0.000
    RT4_CORT           0.050      0.003     16.813      0.000


STDY Standardization

                                                    Two-Tailed
                    Estimate       S.E.  Est./S.E.    P-Value

 INTERCEP BY
    RT1_CORT           0.976      0.001    696.315      0.000
    RT2_CORT           0.991      0.003    317.485      0.000
    RT3_CORT           1.002      0.006    180.157      0.000
    RT4_CORT           1.009      0.008    123.269      0.000

 SLOPE    BY
    RT1_CORT           0.000      0.000    999.000    999.000
    RT2_CORT           0.066      0.005     13.011      0.000
    RT3_CORT           0.133      0.010     13.002      0.000
    RT4_CORT           0.201      0.015     13.092      0.000

 INTERCEP WITH
    SLOPE             -0.268      0.040     -6.754      0.000

 Means
    INTERCEPT         11.811      0.187     62.996      0.000
    SLOPE             -3.669      0.278    -13.190      0.000

 Intercepts
    RT1_CORT           0.000      0.000    999.000    999.000
    RT2_CORT           0.000      0.000    999.000    999.000
    RT3_CORT           0.000      0.000    999.000    999.000
    RT4_CORT           0.000      0.000    999.000    999.000

 Variances
    INTERCEPT          1.000      0.000    999.000    999.000
    SLOPE              1.000      0.000    999.000    999.000

 Residual Variances
    RT1_CORT           0.047      0.003     17.269      0.000
    RT2_CORT           0.049      0.003     17.416      0.000
    RT3_CORT           0.050      0.003     17.264      0.000
    RT4_CORT           0.050      0.003     16.813      0.000


STD Standardization

                                                    Two-Tailed
                    Estimate       S.E.  Est./S.E.    P-Value

 INTERCEP BY
    RT1_CORT          52.697      0.829     63.536      0.000
    RT2_CORT          52.697      0.829     63.536      0.000
    RT3_CORT          52.697      0.829     63.536      0.000
    RT4_CORT          52.697      0.829     63.536      0.000

 SLOPE    BY
    RT1_CORT           0.000      0.000    999.000    999.000
    RT2_CORT           3.493      0.262     13.354      0.000
    RT3_CORT           6.987      0.523     13.354      0.000
    RT4_CORT          10.480      0.785     13.354      0.000

 INTERCEP WITH
    SLOPE             -0.268      0.040     -6.754      0.000

 Means
    INTERCEPT         11.811      0.187     62.996      0.000
    SLOPE             -3.669      0.278    -13.190      0.000

 Intercepts
    RT1_CORT           0.000      0.000    999.000    999.000
    RT2_CORT           0.000      0.000    999.000    999.000
    RT3_CORT           0.000      0.000    999.000    999.000
    RT4_CORT           0.000      0.000    999.000    999.000

 Variances
    INTERCEPT          1.000      0.000    999.000    999.000
    SLOPE              1.000      0.000    999.000    999.000

 Residual Variances
    RT1_CORT         137.743      7.224     19.067      0.000
    RT2_CORT         137.743      7.224     19.067      0.000
    RT3_CORT         137.743      7.224     19.067      0.000
    RT4_CORT         137.743      7.224     19.067      0.000


R-SQUARE

    Observed                                        Two-Tailed
    Variable        Estimate       S.E.  Est./S.E.    P-Value

    RT1_CORT           0.953      0.003    348.158      0.000
    RT2_CORT           0.951      0.003    340.166      0.000
    RT3_CORT           0.950      0.003    329.399      0.000
    RT4_CORT           0.950      0.003    316.188      0.000


TECHNICAL 4 OUTPUT


     ESTIMATES DERIVED FROM THE MODEL


           ESTIMATED MEANS FOR THE LATENT VARIABLES
              INTERCEP      SLOPE
              ________      ________
              622.404       -12.818


           S.E. FOR ESTIMATED MEANS FOR THE LATENT VARIABLES
              INTERCEP      SLOPE
              ________      ________
                1.126         0.139


           EST./S.E. FOR ESTIMATED MEANS FOR THE LATENT VARIABLES
              INTERCEP      SLOPE
              ________      ________
              552.569       -92.462


           TWO-TAILED P-VALUE FOR ESTIMATED MEANS FOR THE LATENT VARIABLES
              INTERCEP      SLOPE
              ________      ________
                0.000         0.000


           ESTIMATED COVARIANCE MATRIX FOR THE LATENT VARIABLES
              INTERCEP      SLOPE
              ________      ________
 INTERCEP    2776.963
 SLOPE        -49.396        12.203


           S.E. FOR ESTIMATED COVARIANCE MATRIX FOR THE LATENT VARIABLES
              INTERCEP      SLOPE
              ________      ________
 INTERCEP      87.414
 SLOPE          8.019         1.828


           EST./S.E. FOR ESTIMATED COVARIANCE MATRIX FOR THE LATENT VARIABLES
              INTERCEP      SLOPE
              ________      ________
 INTERCEP      31.768
 SLOPE         -6.160         6.677


           TWO-TAILED P-VALUE FOR ESTIMATED COVARIANCE MATRIX FOR THE LATENT VARIABLES
              INTERCEP      SLOPE
              ________      ________
 INTERCEP       0.000
 SLOPE          0.000         0.000


           ESTIMATED CORRELATION MATRIX FOR THE LATENT VARIABLES
              INTERCEP      SLOPE
              ________      ________
 INTERCEP       1.000
 SLOPE         -0.268         1.000


           S.E. FOR ESTIMATED CORRELATION MATRIX FOR THE LATENT VARIABLES
              INTERCEP      SLOPE
              ________      ________
 INTERCEP       0.000
 SLOPE          0.040         0.000


           EST./S.E. FOR ESTIMATED CORRELATION MATRIX FOR THE LATENT VARIABLES
              INTERCEP      SLOPE
              ________      ________
 INTERCEP     999.000
 SLOPE         -6.754       999.000


           TWO-TAILED P-VALUE FOR ESTIMATED CORRELATION MATRIX FOR THE LATENT VARIABLES
              INTERCEP      SLOPE
              ________      ________
 INTERCEP       0.000
 SLOPE          0.000         0.000


     Beginning Time:  09:11:15
        Ending Time:  09:11:16
       Elapsed Time:  00:00:01



MUTHEN & MUTHEN
3463 Stoner Ave.
Los Angeles, CA  90066

Tel: (310) 391-9971
Fax: (310) 391-8971
Web: www.StatModel.com
Support: Support@StatModel.com

Copyright (c) 1998-2022 Muthen & Muthen
