Mplus VERSION 8.8 (Mac)
MUTHEN & MUTHEN
01/07/2026  10:07 AM

INPUT INSTRUCTIONS

  TITLE:	GMV growth model- NO GROWTH - FEMALE

  DATA:	FILE IS dfmerged_mplus.dat;

  DEFINE:
    ! Rescale large variables to avoid variance > 1,000,000
    ! r indicates rescaled
    rT1_scort = subcort_vol_1 / 1000;
    rT2_scort = subcort_vol_2 / 1000;
    rT3_scort = subcort_vol_3 / 1000;
    rT4_scort = subcort_vol_4 / 1000;

  VARIABLE:	

  NAMES = numeric_id sex age_1 age_2 age_3 age_4
  subcort_vol_1 subcort_vol_2 subcort_vol_3 subcort_vol_4
  cort_vol_1 cort_vol_2 cort_vol_3 cort_vol_4
  fam_ID
  T1_totalGMV T2_totalGMV T3_totalGMV T4_totalGMV
  yfPDStiming yfPDStempo pfPDStiming pfPDStempo
  ymPDStiming ymPDStempo pmPDStiming pmPDStempo
  wmb wm6 ela_plus;

  MISSING = ALL (-999);
  USEVAR = rT1_scort rT2_scort rT3_scort rT4_scort;
  SUBPOPULATION = (sex NE 1);
  CLUSTER = fam_ID;

  ANALYSIS:

  TYPE = COMPLEX;
  ESTIMATOR = MLR;
  	
  MODEL:	intercept by rT1_scort-rT4_scort@1;
  	intercept;
  	[intercept];
  	rT1_scort-rT4_scort (theta); !theta forces variances to be equal over time
  	[rT1_scort-rT4_scort@0];

  OUTPUT: SAMPSTAT;



*** WARNING in VARIABLE command
  Note that only the first 8 characters of variable names are used in the output.
  Shorten variable names to avoid any confusion.
   1 WARNING(S) FOUND IN THE INPUT INSTRUCTIONS



GMV growth model- NO GROWTH - FEMALE

SUMMARY OF ANALYSIS

Number of groups                                                 1
Number of observations                                        2397

Number of dependent variables                                    4
Number of independent variables                                  0
Number of continuous latent variables                            1

Observed dependent variables

  Continuous
   RT1_SCORT   RT2_SCORT   RT3_SCORT   RT4_SCORT

Continuous latent variables
   INTERCEP

Variables with special functions

  Cluster variable      FAM_ID

Estimator                                                      MLR
Information matrix                                        OBSERVED
Maximum number of iterations                                  1000
Convergence criterion                                    0.500D-04
Maximum number of steepest descent iterations                   20
Maximum number of iterations for H1                           2000
Convergence criterion for H1                             0.100D-03

Input data file(s)
  dfmerged_mplus.dat

Input data format  FREE


SUMMARY OF DATA

     Number of missing data patterns            15
     Number of clusters                       2064



SAMPLE STATISTICS


     ESTIMATED SAMPLE STATISTICS


           Means
              RT1_SCOR      RT2_SCOR      RT3_SCOR      RT4_SCOR
              ________      ________      ________      ________
               57.989        58.643        58.286        57.870


           Covariances
              RT1_SCOR      RT2_SCOR      RT3_SCOR      RT4_SCOR
              ________      ________      ________      ________
 RT1_SCOR      17.665
 RT2_SCOR      17.419        18.334
 RT3_SCOR      17.394        17.993        19.135
 RT4_SCOR      17.370        17.953        18.567        19.084


           Correlations
              RT1_SCOR      RT2_SCOR      RT3_SCOR      RT4_SCOR
              ________      ________      ________      ________
 RT1_SCOR       1.000
 RT2_SCOR       0.968         1.000
 RT3_SCOR       0.946         0.961         1.000
 RT4_SCOR       0.946         0.960         0.972         1.000


     MAXIMUM LOG-LIKELIHOOD VALUE FOR THE UNRESTRICTED (H1) MODEL IS -14975.025


UNIVARIATE SAMPLE STATISTICS


     UNIVARIATE HIGHER-ORDER MOMENT DESCRIPTIVE STATISTICS

         Variable/         Mean/     Skewness/   Minimum/ % with                Percentiles
        Sample Size      Variance    Kurtosis    Maximum  Min/Max      20%/60%    40%/80%    Median

     RT1_SCORT            58.011       0.068      36.873    0.04%      54.522     56.901     57.948
            2378.000      17.492       0.429      75.962    0.04%      59.013     61.358
     RT2_SCORT            58.613      -0.028      37.947    0.05%      55.024     57.456     58.571
            1994.000      18.558       0.672      78.941    0.05%      59.604     62.180
     RT3_SCORT            58.388       0.067      37.092    0.07%      54.758     57.261     58.362
            1467.000      18.899       0.512      79.123    0.07%      59.356     61.990
     RT4_SCORT            57.988      -0.048      35.733    0.05%      54.368     56.880     57.971
            1940.000      19.127       0.644      78.193    0.05%      59.027     61.578


THE MODEL ESTIMATION TERMINATED NORMALLY



MODEL FIT INFORMATION

Number of Free Parameters                        3

Loglikelihood

          H0 Value                      -15580.131
          H0 Scaling Correction Factor      2.3961
            for MLR
          H1 Value                      -14975.025
          H1 Scaling Correction Factor      2.6144
            for MLR

Information Criteria

          Akaike (AIC)                   31166.261
          Bayesian (BIC)                 31183.607
          Sample-Size Adjusted BIC       31174.076
            (n* = (n + 2) / 24)

Chi-Square Test of Model Fit

          Value                            452.590*
          Degrees of Freedom                    11
          P-Value                           0.0000
          Scaling Correction Factor         2.6740
            for MLR

*   The chi-square value for MLM, MLMV, MLR, ULSMV, WLSM and WLSMV cannot be used
    for chi-square difference testing in the regular way.  MLM, MLR and WLSM
    chi-square difference testing is described on the Mplus website.  MLMV, WLSMV,
    and ULSMV difference testing is done using the DIFFTEST option.

RMSEA (Root Mean Square Error Of Approximation)

          Estimate                           0.129
          90 Percent C.I.                    0.119  0.140
          Probability RMSEA <= .05           0.000

CFI/TLI

          CFI                                0.869
          TLI                                0.928

Chi-Square Test of Model Fit for the Baseline Model

          Value                           3366.535
          Degrees of Freedom                     6
          P-Value                           0.0000

SRMR (Standardized Root Mean Square Residual)

          Value                              0.127



MODEL RESULTS

                                                    Two-Tailed
                    Estimate       S.E.  Est./S.E.    P-Value

 INTERCEP BY
    RT1_SCORT          1.000      0.000    999.000    999.000
    RT2_SCORT          1.000      0.000    999.000    999.000
    RT3_SCORT          1.000      0.000    999.000    999.000
    RT4_SCORT          1.000      0.000    999.000    999.000

 Means
    INTERCEPT         58.177      0.094    617.261      0.000

 Intercepts
    RT1_SCORT          0.000      0.000    999.000    999.000
    RT2_SCORT          0.000      0.000    999.000    999.000
    RT3_SCORT          0.000      0.000    999.000    999.000
    RT4_SCORT          0.000      0.000    999.000    999.000

 Variances
    INTERCEPT         17.584      0.612     28.724      0.000

 Residual Variances
    RT1_SCORT          0.902      0.037     24.210      0.000
    RT2_SCORT          0.902      0.037     24.210      0.000
    RT3_SCORT          0.902      0.037     24.210      0.000
    RT4_SCORT          0.902      0.037     24.210      0.000


QUALITY OF NUMERICAL RESULTS

     Condition Number for the Information Matrix              0.255E-02
       (ratio of smallest to largest eigenvalue)


     Beginning Time:  10:07:01
        Ending Time:  10:07:01
       Elapsed Time:  00:00:00



MUTHEN & MUTHEN
3463 Stoner Ave.
Los Angeles, CA  90066

Tel: (310) 391-9971
Fax: (310) 391-8971
Web: www.StatModel.com
Support: Support@StatModel.com

Copyright (c) 1998-2022 Muthen & Muthen
