Mplus VERSION 8.8 (Mac)
MUTHEN & MUTHEN
01/07/2026  10:26 AM

INPUT INSTRUCTIONS

  TITLE:	GMV growth model- QUAD - MALE

  DATA:	FILE IS dfmerged_mplus.dat;

  DEFINE:
    ! Rescale large variables to avoid variance > 1,000,000
    ! r indicates rescaled
    rT1_scort = subcort_vol_1 / 1000;
    rT2_scort = subcort_vol_2 / 1000;
    rT3_scort = subcort_vol_3 / 1000;
    rT4_scort = subcort_vol_4 / 1000;

  VARIABLE:	

  NAMES = numeric_id sex age_1 age_2 age_3 age_4
  subcort_vol_1 subcort_vol_2 subcort_vol_3 subcort_vol_4
  cort_vol_1 cort_vol_2 cort_vol_3 cort_vol_4
  fam_ID
  T1_totalGMV T2_totalGMV T3_totalGMV T4_totalGMV
  yfPDStiming yfPDStempo pfPDStiming pfPDStempo
  ymPDStiming ymPDStempo pmPDStiming pmPDStempo
  wmb wm6 ela_plus;

  MISSING = ALL (-999);
  USEVAR = rT1_scort rT2_scort rT3_scort rT4_scort;
  SUBPOPULATION = (sex NE 2);
  CLUSTER = fam_ID;

  ANALYSIS:

  TYPE = COMPLEX;
  ESTIMATOR = MLR;
  	
  MODEL:	intercept by rT1_scort-rT4_scort@1;
  	intercept;
  	[intercept];
  	
  	slope BY rT1_scort@0
  		rT2_scort@1
  		rT3_scort@2
  		rT4_scort@3;
  	slope;
  	[slope];
  	
  	quad BY rT1_scort@0
  	        rT2_scort@1
  	        rT3_scort@4
  	        rT4_scort@9;
  	quad@0;
  	[quad];
  	
  	
  	intercept WITH slope;
  	intercept WITH quad@0;
  	slope WITH quad@0;
  	
  	rT1_scort-rT4_scort (theta); !theta forces variances to be equal over time
  	[rT1_scort-rT4_scort@0];

  OUTPUT: SAMPSTAT;



*** WARNING in VARIABLE command
  Note that only the first 8 characters of variable names are used in the output.
  Shorten variable names to avoid any confusion.
   1 WARNING(S) FOUND IN THE INPUT INSTRUCTIONS



GMV growth model- QUAD - MALE

SUMMARY OF ANALYSIS

Number of groups                                                 1
Number of observations                                        2644

Number of dependent variables                                    4
Number of independent variables                                  0
Number of continuous latent variables                            3

Observed dependent variables

  Continuous
   RT1_SCORT   RT2_SCORT   RT3_SCORT   RT4_SCORT

Continuous latent variables
   INTERCEP    SLOPE       QUAD

Variables with special functions

  Cluster variable      FAM_ID

Estimator                                                      MLR
Information matrix                                        OBSERVED
Maximum number of iterations                                  1000
Convergence criterion                                    0.500D-04
Maximum number of steepest descent iterations                   20
Maximum number of iterations for H1                           2000
Convergence criterion for H1                             0.100D-03

Input data file(s)
  dfmerged_mplus.dat

Input data format  FREE


SUMMARY OF DATA

     Number of missing data patterns            14
     Number of clusters                       2324



SAMPLE STATISTICS


     ESTIMATED SAMPLE STATISTICS


           Means
              RT1_SCOR      RT2_SCOR      RT3_SCOR      RT4_SCOR
              ________      ________      ________      ________
               61.928        62.651        63.568        63.588


           Covariances
              RT1_SCOR      RT2_SCOR      RT3_SCOR      RT4_SCOR
              ________      ________      ________      ________
 RT1_SCOR      21.857
 RT2_SCOR      21.924        23.103
 RT3_SCOR      22.371        23.055        24.282
 RT4_SCOR      22.346        22.994        23.814        24.634


           Correlations
              RT1_SCOR      RT2_SCOR      RT3_SCOR      RT4_SCOR
              ________      ________      ________      ________
 RT1_SCOR       1.000
 RT2_SCOR       0.976         1.000
 RT3_SCOR       0.971         0.973         1.000
 RT4_SCOR       0.963         0.964         0.974         1.000


     MAXIMUM LOG-LIKELIHOOD VALUE FOR THE UNRESTRICTED (H1) MODEL IS -16920.900


UNIVARIATE SAMPLE STATISTICS


     UNIVARIATE HIGHER-ORDER MOMENT DESCRIPTIVE STATISTICS

         Variable/         Mean/     Skewness/   Minimum/ % with                Percentiles
        Sample Size      Variance    Kurtosis    Maximum  Min/Max      20%/60%    40%/80%    Median

     RT1_SCORT            61.927       0.114      46.024    0.04%      58.118     60.718     61.882
            2630.000      21.862       0.269      80.893    0.04%      63.033     65.770
     RT2_SCORT            62.654       0.112      47.285    0.04%      58.643     61.413     62.603
            2310.000      22.949       0.150      81.201    0.04%      63.781     66.713
     RT3_SCORT            63.643       0.087      47.781    0.06%      59.631     62.309     63.673
            1672.000      24.078       0.067      81.128    0.06%      64.774     67.674
     RT4_SCORT            63.632       0.002      41.536    0.05%      59.597     62.535     63.740
            2146.000      24.586       0.368      82.378    0.05%      64.841     67.653


THE MODEL ESTIMATION TERMINATED NORMALLY



MODEL FIT INFORMATION

Number of Free Parameters                        7

Loglikelihood

          H0 Value                      -17051.984
          H0 Scaling Correction Factor      2.5637
            for MLR
          H1 Value                      -16920.900
          H1 Scaling Correction Factor      3.0819
            for MLR

Information Criteria

          Akaike (AIC)                   34117.967
          Bayesian (BIC)                 34159.127
          Sample-Size Adjusted BIC       34136.886
            (n* = (n + 2) / 24)

Chi-Square Test of Model Fit

          Value                             72.821*
          Degrees of Freedom                     7
          P-Value                           0.0000
          Scaling Correction Factor         3.6001
            for MLR

*   The chi-square value for MLM, MLMV, MLR, ULSMV, WLSM and WLSMV cannot be used
    for chi-square difference testing in the regular way.  MLM, MLR and WLSM
    chi-square difference testing is described on the Mplus website.  MLMV, WLSMV,
    and ULSMV difference testing is done using the DIFFTEST option.

RMSEA (Root Mean Square Error Of Approximation)

          Estimate                           0.060
          90 Percent C.I.                    0.048  0.072
          Probability RMSEA <= .05           0.091

CFI/TLI

          CFI                                0.980
          TLI                                0.983

Chi-Square Test of Model Fit for the Baseline Model

          Value                           3328.465
          Degrees of Freedom                     6
          P-Value                           0.0000

SRMR (Standardized Root Mean Square Residual)

          Value                              0.043



MODEL RESULTS

                                                    Two-Tailed
                    Estimate       S.E.  Est./S.E.    P-Value

 INTERCEP BY
    RT1_SCORT          1.000      0.000    999.000    999.000
    RT2_SCORT          1.000      0.000    999.000    999.000
    RT3_SCORT          1.000      0.000    999.000    999.000
    RT4_SCORT          1.000      0.000    999.000    999.000

 SLOPE    BY
    RT1_SCORT          0.000      0.000    999.000    999.000
    RT2_SCORT          1.000      0.000    999.000    999.000
    RT3_SCORT          2.000      0.000    999.000    999.000
    RT4_SCORT          3.000      0.000    999.000    999.000

 QUAD     BY
    RT1_SCORT          0.000      0.000    999.000    999.000
    RT2_SCORT          1.000      0.000    999.000    999.000
    RT3_SCORT          4.000      0.000    999.000    999.000
    RT4_SCORT          9.000      0.000    999.000    999.000

 INTERCEP WITH
    SLOPE              0.353      0.051      6.939      0.000
    QUAD               0.000      0.000    999.000    999.000

 SLOPE    WITH
    QUAD               0.000      0.000    999.000    999.000

 Means
    INTERCEPT         61.890      0.099    626.374      0.000
    SLOPE              1.050      0.027     38.837      0.000
    QUAD              -0.156      0.009    -17.323      0.000

 Intercepts
    RT1_SCORT          0.000      0.000    999.000    999.000
    RT2_SCORT          0.000      0.000    999.000    999.000
    RT3_SCORT          0.000      0.000    999.000    999.000
    RT4_SCORT          0.000      0.000    999.000    999.000

 Variances
    INTERCEPT         21.510      0.691     31.111      0.000
    SLOPE              0.074      0.011      6.603      0.000
    QUAD               0.000      0.000    999.000    999.000

 Residual Variances
    RT1_SCORT          0.609      0.033     18.369      0.000
    RT2_SCORT          0.609      0.033     18.369      0.000
    RT3_SCORT          0.609      0.033     18.369      0.000
    RT4_SCORT          0.609      0.033     18.369      0.000


QUALITY OF NUMERICAL RESULTS

     Condition Number for the Information Matrix              0.236E-02
       (ratio of smallest to largest eigenvalue)


     Beginning Time:  10:26:57
        Ending Time:  10:26:57
       Elapsed Time:  00:00:00



MUTHEN & MUTHEN
3463 Stoner Ave.
Los Angeles, CA  90066

Tel: (310) 391-9971
Fax: (310) 391-8971
Web: www.StatModel.com
Support: Support@StatModel.com

Copyright (c) 1998-2022 Muthen & Muthen
