Mplus VERSION 8.8 (Mac)
MUTHEN & MUTHEN
08/21/2025   6:44 PM

INPUT INSTRUCTIONS

  TITLE:	GMV growth model- NO GROWTH - MALE

  DATA:	FILE IS gmv_mplus.dat;

  DEFINE:
    ! Rescale large variables to avoid variance > 1,000,000
    ! r indicates rescaled
    rT1_TOTAL = T1_totalGMV / 1000;
    rT2_TOTAL = T2_totalGMV / 1000;
    rT3_TOTAL = T3_totalGMV / 1000;
    rT4_TOTAL = T4_totalGMV / 1000;

  VARIABLE:	

  NAMES = sex age_1 age_3 age_2 age_4
          subcort_vol_1 subcort_vol_3 subcort_vol_2 subcort_vol_4
          cort_vol_1 cort_vol_3 cort_vol_2 cort_vol_4
          fam_ID T1_totalGMV T2_totalGMV T3_totalGMV T4_totalGMV
          numeric_id;

  MISSING = ALL (-999);
  USEVAR = rT1_TOTAL rT2_TOTAL rT3_TOTAL rT4_TOTAL;
  SUBPOPULATION = (sex NE 2);
  CLUSTER = fam_ID;

  ANALYSIS:

  TYPE = COMPLEX;
  ESTIMATOR = MLR;
  	
  MODEL:	intercept by rT1_TOTAL-rT4_TOTAL@1;
  	intercept;
  	[intercept];
  	rT1_TOTAL-rT4_TOTAL (theta); !theta forces variances to be equal over time
  	[rT1_TOTAL-rT4_TOTAL@0];

  OUTPUT: SAMPSTAT;



*** WARNING in VARIABLE command
  Note that only the first 8 characters of variable names are used in the output.
  Shorten variable names to avoid any confusion.
   1 WARNING(S) FOUND IN THE INPUT INSTRUCTIONS



GMV growth model- NO GROWTH - MALE

SUMMARY OF ANALYSIS

Number of groups                                                 1
Number of observations                                        2644

Number of dependent variables                                    4
Number of independent variables                                  0
Number of continuous latent variables                            1

Observed dependent variables

  Continuous
   RT1_TOTAL   RT2_TOTAL   RT3_TOTAL   RT4_TOTAL

Continuous latent variables
   INTERCEP

Variables with special functions

  Cluster variable      FAM_ID

Estimator                                                      MLR
Information matrix                                        OBSERVED
Maximum number of iterations                                  1000
Convergence criterion                                    0.500D-04
Maximum number of steepest descent iterations                   20
Maximum number of iterations for H1                           2000
Convergence criterion for H1                             0.100D-03

Input data file(s)
  gmv_mplus.dat

Input data format  FREE


SUMMARY OF DATA

     Number of missing data patterns            14
     Number of clusters                       2324



SAMPLE STATISTICS


     ESTIMATED SAMPLE STATISTICS


           Means
              RT1_TOTA      RT2_TOTA      RT3_TOTA      RT4_TOTA
              ________      ________      ________      ________
              682.768       674.361       662.413       645.752


           Covariances
              RT1_TOTA      RT2_TOTA      RT3_TOTA      RT4_TOTA
              ________      ________      ________      ________
 RT1_TOTA    3249.202
 RT2_TOTA    3124.302      3264.881
 RT3_TOTA    3084.396      3102.740      3257.674
 RT4_TOTA    2968.772      2967.502      3032.282      3059.681


           Correlations
              RT1_TOTA      RT2_TOTA      RT3_TOTA      RT4_TOTA
              ________      ________      ________      ________
 RT1_TOTA       1.000
 RT2_TOTA       0.959         1.000
 RT3_TOTA       0.948         0.951         1.000
 RT4_TOTA       0.942         0.939         0.960         1.000


     MAXIMUM LOG-LIKELIHOOD VALUE FOR THE UNRESTRICTED (H1) MODEL IS -40024.173


UNIVARIATE SAMPLE STATISTICS


     UNIVARIATE HIGHER-ORDER MOMENT DESCRIPTIVE STATISTICS

         Variable/         Mean/     Skewness/   Minimum/ % with                Percentiles
        Sample Size      Variance    Kurtosis    Maximum  Min/Max      20%/60%    40%/80%    Median

     RT1_TOTAL           682.791       0.019     473.564    0.04%     636.795    667.928    681.974
            2630.000    3252.951       0.218     898.523    0.04%     697.662    729.543
     RT2_TOTAL           674.915      -0.057     461.582    0.04%     628.481    660.634    675.566
            2310.000    3228.411       0.241     864.066    0.04%     689.701    721.483
     RT3_TOTAL           663.521       0.055     461.797    0.06%     615.665    648.680    664.492
            1672.000    3257.475       0.219     880.075    0.06%     676.584    709.796
     RT4_TOTAL           646.391       0.090     445.656    0.05%     601.424    632.918    646.119
            2146.000    3025.072       0.320     854.206    0.05%     659.285    689.392


THE MODEL ESTIMATION TERMINATED NORMALLY



MODEL FIT INFORMATION

Number of Free Parameters                        3

Loglikelihood

          H0 Value                      -43190.411
          H0 Scaling Correction Factor      1.1882
            for MLR
          H1 Value                      -40024.173
          H1 Scaling Correction Factor      2.0394
            for MLR

Information Criteria

          Akaike (AIC)                   86386.822
          Bayesian (BIC)                 86404.462
          Sample-Size Adjusted BIC       86394.930
            (n* = (n + 2) / 24)

Chi-Square Test of Model Fit

          Value                           2787.775*
          Degrees of Freedom                    11
          P-Value                           0.0000
          Scaling Correction Factor         2.2715
            for MLR

*   The chi-square value for MLM, MLMV, MLR, ULSMV, WLSM and WLSMV cannot be used
    for chi-square difference testing in the regular way.  MLM, MLR and WLSM
    chi-square difference testing is described on the Mplus website.  MLMV, WLSMV,
    and ULSMV difference testing is done using the DIFFTEST option.

RMSEA (Root Mean Square Error Of Approximation)

          Estimate                           0.309
          90 Percent C.I.                    0.299  0.319
          Probability RMSEA <= .05           0.000

CFI/TLI

          CFI                                0.428
          TLI                                0.688

Chi-Square Test of Model Fit for the Baseline Model

          Value                           4862.332
          Degrees of Freedom                     6
          P-Value                           0.0000

SRMR (Standardized Root Mean Square Residual)

          Value                              0.188



MODEL RESULTS

                                                    Two-Tailed
                    Estimate       S.E.  Est./S.E.    P-Value

 INTERCEP BY
    RT1_TOTAL          1.000      0.000    999.000    999.000
    RT2_TOTAL          1.000      0.000    999.000    999.000
    RT3_TOTAL          1.000      0.000    999.000    999.000
    RT4_TOTAL          1.000      0.000    999.000    999.000

 Means
    INTERCEPT        668.188      1.170    571.236      0.000

 Intercepts
    RT1_TOTAL          0.000      0.000    999.000    999.000
    RT2_TOTAL          0.000      0.000    999.000    999.000
    RT3_TOTAL          0.000      0.000    999.000    999.000
    RT4_TOTAL          0.000      0.000    999.000    999.000

 Variances
    INTERCEPT       2957.699     94.247     31.382      0.000

 Residual Variances
    RT1_TOTAL        438.663      8.619     50.893      0.000
    RT2_TOTAL        438.663      8.619     50.893      0.000
    RT3_TOTAL        438.663      8.619     50.893      0.000
    RT4_TOTAL        438.663      8.619     50.893      0.000


QUALITY OF NUMERICAL RESULTS

     Condition Number for the Information Matrix              0.315E-02
       (ratio of smallest to largest eigenvalue)


     Beginning Time:  18:44:24
        Ending Time:  18:44:25
       Elapsed Time:  00:00:01



MUTHEN & MUTHEN
3463 Stoner Ave.
Los Angeles, CA  90066

Tel: (310) 391-9971
Fax: (310) 391-8971
Web: www.StatModel.com
Support: Support@StatModel.com

Copyright (c) 1998-2022 Muthen & Muthen
