Mplus VERSION 8.8 (Mac)
MUTHEN & MUTHEN
08/22/2025   9:19 AM

INPUT INSTRUCTIONS

  TITLE:	GMV growth model- QUADRATIC GROWTH - MALE

  DATA:	FILE IS gmv_mplus.dat;

  DEFINE:
    ! Rescale large variables to avoid variance > 1,000,000
    ! r indicates rescaled
    rT1_TOTAL = T1_totalGMV / 1000;
    rT2_TOTAL = T2_totalGMV / 1000;
    rT3_TOTAL = T3_totalGMV / 1000;
    rT4_TOTAL = T4_totalGMV / 1000;

  VARIABLE:	

  NAMES = sex age_1 age_3 age_2 age_4
          subcort_vol_1 subcort_vol_3 subcort_vol_2 subcort_vol_4
          cort_vol_1 cort_vol_3 cort_vol_2 cort_vol_4
          fam_ID T1_totalGMV T2_totalGMV T3_totalGMV T4_totalGMV
          numeric_id;

  MISSING = ALL (-999);
  USEVAR = rT1_TOTAL rT2_TOTAL rT3_TOTAL rT4_TOTAL;
  SUBPOPULATION = (sex NE 2);
  CLUSTER = fam_ID;

  ANALYSIS:

  TYPE = COMPLEX;
  ESTIMATOR = MLR;
  	
  MODEL:	intercept by rT1_TOTAL-rT4_TOTAL@1;
  	intercept;
  	[intercept];
  	
  	slope BY rT1_TOTAL@0
  		rT2_TOTAL@2
  		rT3_TOTAL@4
  		rT4_TOTAL@6;
  	slope;
  	[slope];
  	
  	quad BY rT1_TOTAL@0
  	        rT2_TOTAL@4
  	        rT3_TOTAL@16
  	        rT4_TOTAL@36;
  	[quad];
  		
  	intercept WITH slope quad;
    	slope WITH quad;
  	rT1_TOTAL-rT4_TOTAL (theta); !theta forces variances to be equal over time
  	[rT1_TOTAL-rT4_TOTAL@0];

  OUTPUT: SAMPSTAT STANDARDIZED TECH4;

  PLOT:
  TYPE = PLOT3;
  SERIES = rT1_TOTAL-rT4_TOTAL (slope);



*** WARNING in VARIABLE command
  Note that only the first 8 characters of variable names are used in the output.
  Shorten variable names to avoid any confusion.
*** WARNING in PLOT command
  Note that only the first 8 characters of variable names are used in plots.
  If variable names are not unique within the first 8 characters, problems
  may occur.
   2 WARNING(S) FOUND IN THE INPUT INSTRUCTIONS



GMV growth model- QUADRATIC GROWTH - MALE

SUMMARY OF ANALYSIS

Number of groups                                                 1
Number of observations                                        2644

Number of dependent variables                                    4
Number of independent variables                                  0
Number of continuous latent variables                            3

Observed dependent variables

  Continuous
   RT1_TOTAL   RT2_TOTAL   RT3_TOTAL   RT4_TOTAL

Continuous latent variables
   INTERCEP    SLOPE       QUAD

Variables with special functions

  Cluster variable      FAM_ID

Estimator                                                      MLR
Information matrix                                        OBSERVED
Maximum number of iterations                                  1000
Convergence criterion                                    0.500D-04
Maximum number of steepest descent iterations                   20
Maximum number of iterations for H1                           2000
Convergence criterion for H1                             0.100D-03

Input data file(s)
  gmv_mplus.dat

Input data format  FREE


SUMMARY OF DATA

     Number of missing data patterns            14
     Number of clusters                       2324



SAMPLE STATISTICS


     ESTIMATED SAMPLE STATISTICS


           Means
              RT1_TOTA      RT2_TOTA      RT3_TOTA      RT4_TOTA
              ________      ________      ________      ________
              682.768       674.361       662.413       645.752


           Covariances
              RT1_TOTA      RT2_TOTA      RT3_TOTA      RT4_TOTA
              ________      ________      ________      ________
 RT1_TOTA    3249.202
 RT2_TOTA    3124.302      3264.881
 RT3_TOTA    3084.396      3102.740      3257.674
 RT4_TOTA    2968.772      2967.502      3032.282      3059.681


           Correlations
              RT1_TOTA      RT2_TOTA      RT3_TOTA      RT4_TOTA
              ________      ________      ________      ________
 RT1_TOTA       1.000
 RT2_TOTA       0.959         1.000
 RT3_TOTA       0.948         0.951         1.000
 RT4_TOTA       0.942         0.939         0.960         1.000


     MAXIMUM LOG-LIKELIHOOD VALUE FOR THE UNRESTRICTED (H1) MODEL IS -40024.173


UNIVARIATE SAMPLE STATISTICS


     UNIVARIATE HIGHER-ORDER MOMENT DESCRIPTIVE STATISTICS

         Variable/         Mean/     Skewness/   Minimum/ % with                Percentiles
        Sample Size      Variance    Kurtosis    Maximum  Min/Max      20%/60%    40%/80%    Median

     RT1_TOTAL           682.791       0.019     473.564    0.04%     636.795    667.928    681.974
            2630.000    3252.951       0.218     898.523    0.04%     697.662    729.543
     RT2_TOTAL           674.915      -0.057     461.582    0.04%     628.481    660.634    675.566
            2310.000    3228.411       0.241     864.066    0.04%     689.701    721.483
     RT3_TOTAL           663.521       0.055     461.797    0.06%     615.665    648.680    664.492
            1672.000    3257.475       0.219     880.075    0.06%     676.584    709.796
     RT4_TOTAL           646.391       0.090     445.656    0.05%     601.424    632.918    646.119
            2146.000    3025.072       0.320     854.206    0.05%     659.285    689.392


THE MODEL ESTIMATION TERMINATED NORMALLY



MODEL FIT INFORMATION

Number of Free Parameters                       10

Loglikelihood

          H0 Value                      -40063.766
          H0 Scaling Correction Factor      1.8978
            for MLR
          H1 Value                      -40024.173
          H1 Scaling Correction Factor      2.0394
            for MLR

Information Criteria

          Akaike (AIC)                   80147.532
          Bayesian (BIC)                 80206.332
          Sample-Size Adjusted BIC       80174.559
            (n* = (n + 2) / 24)

Chi-Square Test of Model Fit

          Value                             33.085*
          Degrees of Freedom                     4
          P-Value                           0.0000
          Scaling Correction Factor         2.3934
            for MLR

*   The chi-square value for MLM, MLMV, MLR, ULSMV, WLSM and WLSMV cannot be used
    for chi-square difference testing in the regular way.  MLM, MLR and WLSM
    chi-square difference testing is described on the Mplus website.  MLMV, WLSMV,
    and ULSMV difference testing is done using the DIFFTEST option.

RMSEA (Root Mean Square Error Of Approximation)

          Estimate                           0.052
          90 Percent C.I.                    0.037  0.070
          Probability RMSEA <= .05           0.370

CFI/TLI

          CFI                                0.994
          TLI                                0.991

Chi-Square Test of Model Fit for the Baseline Model

          Value                           4862.332
          Degrees of Freedom                     6
          P-Value                           0.0000

SRMR (Standardized Root Mean Square Residual)

          Value                              0.024



MODEL RESULTS

                                                    Two-Tailed
                    Estimate       S.E.  Est./S.E.    P-Value

 INTERCEP BY
    RT1_TOTAL          1.000      0.000    999.000    999.000
    RT2_TOTAL          1.000      0.000    999.000    999.000
    RT3_TOTAL          1.000      0.000    999.000    999.000
    RT4_TOTAL          1.000      0.000    999.000    999.000

 SLOPE    BY
    RT1_TOTAL          0.000      0.000    999.000    999.000
    RT2_TOTAL          2.000      0.000    999.000    999.000
    RT3_TOTAL          4.000      0.000    999.000    999.000
    RT4_TOTAL          6.000      0.000    999.000    999.000

 QUAD     BY
    RT1_TOTAL          0.000      0.000    999.000    999.000
    RT2_TOTAL          4.000      0.000    999.000    999.000
    RT3_TOTAL         16.000      0.000    999.000    999.000
    RT4_TOTAL         36.000      0.000    999.000    999.000

 INTERCEP WITH
    SLOPE             18.967     13.637      1.391      0.164
    QUAD              -7.496      2.181     -3.436      0.001

 SLOPE    WITH
    QUAD              -0.831      0.929     -0.894      0.371

 Means
    INTERCEPT        682.727      1.193    572.050      0.000
    SLOPE             -3.087      0.206    -14.954      0.000
    QUAD              -0.512      0.034    -15.098      0.000

 Intercepts
    RT1_TOTAL          0.000      0.000    999.000    999.000
    RT2_TOTAL          0.000      0.000    999.000    999.000
    RT3_TOTAL          0.000      0.000    999.000    999.000
    RT4_TOTAL          0.000      0.000    999.000    999.000

 Variances
    INTERCEPT       3116.481     98.558     31.621      0.000
    SLOPE              6.859      6.111      1.122      0.262
    QUAD               0.197      0.154      1.282      0.200

 Residual Variances
    RT1_TOTAL        129.645      9.177     14.126      0.000
    RT2_TOTAL        129.645      9.177     14.126      0.000
    RT3_TOTAL        129.645      9.177     14.126      0.000
    RT4_TOTAL        129.645      9.177     14.126      0.000


QUALITY OF NUMERICAL RESULTS

     Condition Number for the Information Matrix              0.409E-05
       (ratio of smallest to largest eigenvalue)


STANDARDIZED MODEL RESULTS


STDYX Standardization

                                                    Two-Tailed
                    Estimate       S.E.  Est./S.E.    P-Value

 INTERCEP BY
    RT1_TOTAL          0.980      0.002    634.377      0.000
    RT2_TOTAL          0.975      0.006    167.558      0.000
    RT3_TOTAL          0.985      0.007    142.403      0.000
    RT4_TOTAL          1.006      0.008    124.835      0.000

 SLOPE    BY
    RT1_TOTAL          0.000      0.000    999.000    999.000
    RT2_TOTAL          0.091      0.041      2.242      0.025
    RT3_TOTAL          0.185      0.082      2.243      0.025
    RT4_TOTAL          0.283      0.126      2.242      0.025

 QUAD     BY
    RT1_TOTAL          0.000      0.000    999.000    999.000
    RT2_TOTAL          0.031      0.012      2.564      0.010
    RT3_TOTAL          0.125      0.049      2.564      0.010
    RT4_TOTAL          0.288      0.113      2.561      0.010

 INTERCEP WITH
    SLOPE              0.130      0.125      1.034      0.301
    QUAD              -0.302      0.156     -1.942      0.052

 SLOPE    WITH
    QUAD              -0.714      0.215     -3.328      0.001

 Means
    INTERCEPT         12.230      0.195     62.808      0.000
    SLOPE             -1.179      0.541     -2.179      0.029
    QUAD              -1.153      0.452     -2.550      0.011

 Intercepts
    RT1_TOTAL          0.000      0.000    999.000    999.000
    RT2_TOTAL          0.000      0.000    999.000    999.000
    RT3_TOTAL          0.000      0.000    999.000    999.000
    RT4_TOTAL          0.000      0.000    999.000    999.000

 Variances
    INTERCEPT          1.000      0.000    999.000    999.000
    SLOPE              1.000      0.000    999.000    999.000
    QUAD               1.000      0.000    999.000    999.000

 Residual Variances
    RT1_TOTAL          0.040      0.003     13.195      0.000
    RT2_TOTAL          0.040      0.003     13.516      0.000
    RT3_TOTAL          0.040      0.003     13.438      0.000
    RT4_TOTAL          0.042      0.003     13.007      0.000


STDY Standardization

                                                    Two-Tailed
                    Estimate       S.E.  Est./S.E.    P-Value

 INTERCEP BY
    RT1_TOTAL          0.980      0.002    634.377      0.000
    RT2_TOTAL          0.975      0.006    167.558      0.000
    RT3_TOTAL          0.985      0.007    142.403      0.000
    RT4_TOTAL          1.006      0.008    124.835      0.000

 SLOPE    BY
    RT1_TOTAL          0.000      0.000    999.000    999.000
    RT2_TOTAL          0.091      0.041      2.242      0.025
    RT3_TOTAL          0.185      0.082      2.243      0.025
    RT4_TOTAL          0.283      0.126      2.242      0.025

 QUAD     BY
    RT1_TOTAL          0.000      0.000    999.000    999.000
    RT2_TOTAL          0.031      0.012      2.564      0.010
    RT3_TOTAL          0.125      0.049      2.564      0.010
    RT4_TOTAL          0.288      0.113      2.561      0.010

 INTERCEP WITH
    SLOPE              0.130      0.125      1.034      0.301
    QUAD              -0.302      0.156     -1.942      0.052

 SLOPE    WITH
    QUAD              -0.714      0.215     -3.328      0.001

 Means
    INTERCEPT         12.230      0.195     62.808      0.000
    SLOPE             -1.179      0.541     -2.179      0.029
    QUAD              -1.153      0.452     -2.550      0.011

 Intercepts
    RT1_TOTAL          0.000      0.000    999.000    999.000
    RT2_TOTAL          0.000      0.000    999.000    999.000
    RT3_TOTAL          0.000      0.000    999.000    999.000
    RT4_TOTAL          0.000      0.000    999.000    999.000

 Variances
    INTERCEPT          1.000      0.000    999.000    999.000
    SLOPE              1.000      0.000    999.000    999.000
    QUAD               1.000      0.000    999.000    999.000

 Residual Variances
    RT1_TOTAL          0.040      0.003     13.195      0.000
    RT2_TOTAL          0.040      0.003     13.516      0.000
    RT3_TOTAL          0.040      0.003     13.438      0.000
    RT4_TOTAL          0.042      0.003     13.007      0.000


STD Standardization

                                                    Two-Tailed
                    Estimate       S.E.  Est./S.E.    P-Value

 INTERCEP BY
    RT1_TOTAL         55.825      0.883     63.242      0.000
    RT2_TOTAL         55.825      0.883     63.242      0.000
    RT3_TOTAL         55.825      0.883     63.242      0.000
    RT4_TOTAL         55.825      0.883     63.242      0.000

 SLOPE    BY
    RT1_TOTAL          0.000      0.000    999.000    999.000
    RT2_TOTAL          5.238      2.333      2.245      0.025
    RT3_TOTAL         10.476      4.667      2.245      0.025
    RT4_TOTAL         15.714      7.000      2.245      0.025

 QUAD     BY
    RT1_TOTAL          0.000      0.000    999.000    999.000
    RT2_TOTAL          1.776      0.693      2.564      0.010
    RT3_TOTAL          7.106      2.772      2.564      0.010
    RT4_TOTAL         15.988      6.237      2.564      0.010

 INTERCEP WITH
    SLOPE              0.130      0.125      1.034      0.301
    QUAD              -0.302      0.156     -1.942      0.052

 SLOPE    WITH
    QUAD              -0.714      0.215     -3.328      0.001

 Means
    INTERCEPT         12.230      0.195     62.808      0.000
    SLOPE             -1.179      0.541     -2.179      0.029
    QUAD              -1.153      0.452     -2.550      0.011

 Intercepts
    RT1_TOTAL          0.000      0.000    999.000    999.000
    RT2_TOTAL          0.000      0.000    999.000    999.000
    RT3_TOTAL          0.000      0.000    999.000    999.000
    RT4_TOTAL          0.000      0.000    999.000    999.000

 Variances
    INTERCEPT          1.000      0.000    999.000    999.000
    SLOPE              1.000      0.000    999.000    999.000
    QUAD               1.000      0.000    999.000    999.000

 Residual Variances
    RT1_TOTAL        129.645      9.177     14.126      0.000
    RT2_TOTAL        129.645      9.177     14.126      0.000
    RT3_TOTAL        129.645      9.177     14.126      0.000
    RT4_TOTAL        129.645      9.177     14.126      0.000


R-SQUARE

    Observed                                        Two-Tailed
    Variable        Estimate       S.E.  Est./S.E.    P-Value

    RT1_TOTA           0.960      0.003    317.188      0.000
    RT2_TOTA           0.960      0.003    328.357      0.000
    RT3_TOTA           0.960      0.003    319.478      0.000
    RT4_TOTA           0.958      0.003    295.772      0.000


TECHNICAL 4 OUTPUT


     ESTIMATES DERIVED FROM THE MODEL


           ESTIMATED MEANS FOR THE LATENT VARIABLES
              INTERCEP      SLOPE         QUAD
              ________      ________      ________
              682.727        -3.087        -0.512


           S.E. FOR ESTIMATED MEANS FOR THE LATENT VARIABLES
              INTERCEP      SLOPE         QUAD
              ________      ________      ________
                1.193         0.206         0.034


           EST./S.E. FOR ESTIMATED MEANS FOR THE LATENT VARIABLES
              INTERCEP      SLOPE         QUAD
              ________      ________      ________
              572.050       -14.954       -15.098


           TWO-TAILED P-VALUE FOR ESTIMATED MEANS FOR THE LATENT VARIABLES
              INTERCEP      SLOPE         QUAD
              ________      ________      ________
                0.000         0.000         0.000


           ESTIMATED COVARIANCE MATRIX FOR THE LATENT VARIABLES
              INTERCEP      SLOPE         QUAD
              ________      ________      ________
 INTERCEP    3116.481
 SLOPE         18.967         6.859
 QUAD          -7.496        -0.831         0.197


           S.E. FOR ESTIMATED COVARIANCE MATRIX FOR THE LATENT VARIABLES
              INTERCEP      SLOPE         QUAD
              ________      ________      ________
 INTERCEP      98.558
 SLOPE         13.637         6.111
 QUAD           2.181         0.929         0.154


           EST./S.E. FOR ESTIMATED COVARIANCE MATRIX FOR THE LATENT VARIABLES
              INTERCEP      SLOPE         QUAD
              ________      ________      ________
 INTERCEP      31.621
 SLOPE          1.391         1.122
 QUAD          -3.436        -0.894         1.282


           TWO-TAILED P-VALUE FOR ESTIMATED COVARIANCE MATRIX FOR THE LATENT VARIABLES
              INTERCEP      SLOPE         QUAD
              ________      ________      ________
 INTERCEP       0.000
 SLOPE          0.164         0.262
 QUAD           0.001         0.371         0.200


           ESTIMATED CORRELATION MATRIX FOR THE LATENT VARIABLES
              INTERCEP      SLOPE         QUAD
              ________      ________      ________
 INTERCEP       1.000
 SLOPE          0.130         1.000
 QUAD          -0.302        -0.714         1.000


           S.E. FOR ESTIMATED CORRELATION MATRIX FOR THE LATENT VARIABLES
              INTERCEP      SLOPE         QUAD
              ________      ________      ________
 INTERCEP       0.000
 SLOPE          0.125         0.000
 QUAD           0.156         0.215         0.000


           EST./S.E. FOR ESTIMATED CORRELATION MATRIX FOR THE LATENT VARIABLES
              INTERCEP      SLOPE         QUAD
              ________      ________      ________
 INTERCEP     999.000
 SLOPE          1.034       999.000
 QUAD          -1.942        -3.328       999.000


           TWO-TAILED P-VALUE FOR ESTIMATED CORRELATION MATRIX FOR THE LATENT VARIABLES
              INTERCEP      SLOPE         QUAD
              ________      ________      ________
 INTERCEP       0.000
 SLOPE          0.301         0.000
 QUAD           0.052         0.001         0.000


SAMPLE STATISTICS FOR ESTIMATED FACTOR SCORES


     SAMPLE STATISTICS


           Means
              INTERCEP      INTERCEP      SLOPE         SLOPE_SE      QUAD
              ________      ________      ________      ________      ________
              682.727         7.664        -3.087         2.455        -0.512


           Means
              QUAD_SE
              ________
                0.403


           Covariances
              INTERCEP      INTERCEP      SLOPE         SLOPE_SE      QUAD
              ________      ________      ________      ________      ________
 INTERCEP    3057.161
 INTERCEP      -1.674         0.584
 SLOPE         24.891        -0.011         0.830
 SLOPE_SE      -0.080         0.023        -0.001         0.001
 QUAD          -7.453         0.006        -0.061         0.000         0.035
 QUAD_SE       -0.021         0.004         0.000         0.000         0.000


           Covariances
              QUAD_SE
              ________
 QUAD_SE        0.000


           Correlations
              INTERCEP      INTERCEP      SLOPE         SLOPE_SE      QUAD
              ________      ________      ________      ________      ________
 INTERCEP       1.000
 INTERCEP      -0.040         1.000
 SLOPE          0.494        -0.016         1.000
 SLOPE_SE      -0.040         0.846        -0.018         1.000
 QUAD          -0.725         0.040        -0.361         0.040         1.000
 QUAD_SE       -0.042         0.653        -0.009         0.583         0.044


           Correlations
              QUAD_SE
              ________
 QUAD_SE        1.000


PLOT INFORMATION

The following plots are available:

  Histograms (sample values, estimated factor scores, estimated values, residuals)
  Scatterplots (sample values, estimated factor scores, estimated values, residuals)
  Sample means
  Estimated means
  Sample and estimated means
  Latent variable distribution plots
  Observed individual values
  Estimated individual values

     Beginning Time:  09:19:47
        Ending Time:  09:19:47
       Elapsed Time:  00:00:00



MUTHEN & MUTHEN
3463 Stoner Ave.
Los Angeles, CA  90066

Tel: (310) 391-9971
Fax: (310) 391-8971
Web: www.StatModel.com
Support: Support@StatModel.com

Copyright (c) 1998-2022 Muthen & Muthen
