Mplus VERSION 8.8 (Mac)
MUTHEN & MUTHEN
08/22/2025  12:36 PM

INPUT INSTRUCTIONS

  TITLE:	GMV growth model- LINEAR GROWTH - FEMALE

  DATA:	FILE IS gmv_mplus.dat;

  DEFINE:
    ! Rescale large variables to avoid variance > 1,000,000
    ! r indicates rescaled
    rT1_TOTAL = T1_totalGMV / 1000;
    rT2_TOTAL = T2_totalGMV / 1000;
    rT3_TOTAL = T3_totalGMV / 1000;
    rT4_TOTAL = T4_totalGMV / 1000;

  VARIABLE:	

  NAMES = sex age_1 age_3 age_2 age_4
          subcort_vol_1 subcort_vol_3 subcort_vol_2 subcort_vol_4
          cort_vol_1 cort_vol_3 cort_vol_2 cort_vol_4
          fam_ID T1_totalGMV T2_totalGMV T3_totalGMV T4_totalGMV
          numeric_id;

  MISSING = ALL (-999);
  USEVAR = rT1_TOTAL rT2_TOTAL rT3_TOTAL rT4_TOTAL;
  SUBPOPULATION = (sex NE 1);
  CLUSTER = fam_ID;

  ANALYSIS:

  TYPE = COMPLEX;
  ESTIMATOR = MLR;
  	
  MODEL:	intercept by rT1_TOTAL-rT4_TOTAL@1;
  	intercept;
  	[intercept];
  	slope BY rT1_TOTAL@0
  		rT2_TOTAL@1
  		rT3_TOTAL@2
  		rT4_TOTAL@3;
  	slope;
  	[slope];
  	intercept WITH slope;
  	rT1_TOTAL-rT4_TOTAL (theta); !theta forces variances to be equal over time
  	[rT1_TOTAL-rT4_TOTAL@0];

  OUTPUT: SAMPSTAT STANDARDIZED TECH4;

  PLOT:
  TYPE = PLOT3;
  SERIES = rT1_TOTAL-rT4_TOTAL (slope);



*** WARNING in VARIABLE command
  Note that only the first 8 characters of variable names are used in the output.
  Shorten variable names to avoid any confusion.
*** WARNING in PLOT command
  Note that only the first 8 characters of variable names are used in plots.
  If variable names are not unique within the first 8 characters, problems
  may occur.
   2 WARNING(S) FOUND IN THE INPUT INSTRUCTIONS



GMV growth model- LINEAR GROWTH - FEMALE

SUMMARY OF ANALYSIS

Number of groups                                                 1
Number of observations                                        2397

Number of dependent variables                                    4
Number of independent variables                                  0
Number of continuous latent variables                            2

Observed dependent variables

  Continuous
   RT1_TOTAL   RT2_TOTAL   RT3_TOTAL   RT4_TOTAL

Continuous latent variables
   INTERCEP    SLOPE

Variables with special functions

  Cluster variable      FAM_ID

Estimator                                                      MLR
Information matrix                                        OBSERVED
Maximum number of iterations                                  1000
Convergence criterion                                    0.500D-04
Maximum number of steepest descent iterations                   20
Maximum number of iterations for H1                           2000
Convergence criterion for H1                             0.100D-03

Input data file(s)
  gmv_mplus.dat

Input data format  FREE


SUMMARY OF DATA

     Number of missing data patterns            15
     Number of clusters                       2064



SAMPLE STATISTICS


     ESTIMATED SAMPLE STATISTICS


           Means
              RT1_TOTA      RT2_TOTA      RT3_TOTA      RT4_TOTA
              ________      ________      ________      ________
              634.525       622.803       596.587       578.848


           Covariances
              RT1_TOTA      RT2_TOTA      RT3_TOTA      RT4_TOTA
              ________      ________      ________      ________
 RT1_TOTA    2610.162
 RT2_TOTA    2524.449      2680.999
 RT3_TOTA    2480.565      2550.612      2717.594
 RT4_TOTA    2363.488      2408.460      2475.297      2438.575


           Correlations
              RT1_TOTA      RT2_TOTA      RT3_TOTA      RT4_TOTA
              ________      ________      ________      ________
 RT1_TOTA       1.000
 RT2_TOTA       0.954         1.000
 RT3_TOTA       0.931         0.945         1.000
 RT4_TOTA       0.937         0.942         0.962         1.000


     MAXIMUM LOG-LIKELIHOOD VALUE FOR THE UNRESTRICTED (H1) MODEL IS -35028.024


UNIVARIATE SAMPLE STATISTICS


     UNIVARIATE HIGHER-ORDER MOMENT DESCRIPTIVE STATISTICS

         Variable/         Mean/     Skewness/   Minimum/ % with                Percentiles
        Sample Size      Variance    Kurtosis    Maximum  Min/Max      20%/60%    40%/80%    Median

     RT1_TOTAL           634.689       0.160     479.890    0.04%     592.666    620.900    632.997
            2378.000    2590.611       0.217     850.486    0.04%     646.562    677.395
     RT2_TOTAL           622.983       0.111     436.067    0.05%     580.603    608.043    621.984
            1994.000    2717.006       0.178     861.602    0.05%     635.168    667.984
     RT3_TOTAL           597.941       0.217     448.933    0.07%     555.143    583.301    595.198
            1467.000    2659.263       0.199     821.976    0.07%     609.600    642.020
     RT4_TOTAL           579.784       0.143     393.740    0.05%     537.099    565.576    578.750
            1940.000    2466.505       0.202     809.586    0.05%     591.485    622.594


THE MODEL ESTIMATION TERMINATED NORMALLY



MODEL FIT INFORMATION

Number of Free Parameters                        6

Loglikelihood

          H0 Value                      -35367.537
          H0 Scaling Correction Factor      1.5762
            for MLR
          H1 Value                      -35028.024
          H1 Scaling Correction Factor      1.7931
            for MLR

Information Criteria

          Akaike (AIC)                   70747.075
          Bayesian (BIC)                 70781.767
          Sample-Size Adjusted BIC       70762.703
            (n* = (n + 2) / 24)

Chi-Square Test of Model Fit

          Value                            347.191*
          Degrees of Freedom                     8
          P-Value                           0.0000
          Scaling Correction Factor         1.9558
            for MLR

*   The chi-square value for MLM, MLMV, MLR, ULSMV, WLSM and WLSMV cannot be used
    for chi-square difference testing in the regular way.  MLM, MLR and WLSM
    chi-square difference testing is described on the Mplus website.  MLMV, WLSMV,
    and ULSMV difference testing is done using the DIFFTEST option.

RMSEA (Root Mean Square Error Of Approximation)

          Estimate                           0.133
          90 Percent C.I.                    0.121  0.145
          Probability RMSEA <= .05           0.000

CFI/TLI

          CFI                                0.933
          TLI                                0.950

Chi-Square Test of Model Fit for the Baseline Model

          Value                           5100.058
          Degrees of Freedom                     6
          P-Value                           0.0000

SRMR (Standardized Root Mean Square Residual)

          Value                              0.121



MODEL RESULTS

                                                    Two-Tailed
                    Estimate       S.E.  Est./S.E.    P-Value

 INTERCEP BY
    RT1_TOTAL          1.000      0.000    999.000    999.000
    RT2_TOTAL          1.000      0.000    999.000    999.000
    RT3_TOTAL          1.000      0.000    999.000    999.000
    RT4_TOTAL          1.000      0.000    999.000    999.000

 SLOPE    BY
    RT1_TOTAL          0.000      0.000    999.000    999.000
    RT2_TOTAL          1.000      0.000    999.000    999.000
    RT3_TOTAL          2.000      0.000    999.000    999.000
    RT4_TOTAL          3.000      0.000    999.000    999.000

 INTERCEP WITH
    SLOPE            -34.919      7.440     -4.693      0.000

 Means
    INTERCEPT        636.806      1.150    553.962      0.000
    SLOPE            -19.062      0.142   -134.071      0.000

 Intercepts
    RT1_TOTAL          0.000      0.000    999.000    999.000
    RT2_TOTAL          0.000      0.000    999.000    999.000
    RT3_TOTAL          0.000      0.000    999.000    999.000
    RT4_TOTAL          0.000      0.000    999.000    999.000

 Variances
    INTERCEPT       2537.871     86.375     29.382      0.000
    SLOPE              8.442      1.713      4.927      0.000

 Residual Variances
    RT1_TOTAL        141.748      6.538     21.680      0.000
    RT2_TOTAL        141.748      6.538     21.680      0.000
    RT3_TOTAL        141.748      6.538     21.680      0.000
    RT4_TOTAL        141.748      6.538     21.680      0.000


QUALITY OF NUMERICAL RESULTS

     Condition Number for the Information Matrix              0.515E-04
       (ratio of smallest to largest eigenvalue)


STANDARDIZED MODEL RESULTS


STDYX Standardization

                                                    Two-Tailed
                    Estimate       S.E.  Est./S.E.    P-Value

 INTERCEP BY
    RT1_TOTAL          0.973      0.002    648.648      0.000
    RT2_TOTAL          0.985      0.003    296.749      0.000
    RT3_TOTAL          0.993      0.006    173.030      0.000
    RT4_TOTAL          0.998      0.008    119.780      0.000

 SLOPE    BY
    RT1_TOTAL          0.000      0.000    999.000    999.000
    RT2_TOTAL          0.057      0.006      9.682      0.000
    RT3_TOTAL          0.115      0.012      9.686      0.000
    RT4_TOTAL          0.173      0.018      9.748      0.000

 INTERCEP WITH
    SLOPE             -0.239      0.047     -5.068      0.000

 Means
    INTERCEPT         12.641      0.214     59.132      0.000
    SLOPE             -6.561      0.670     -9.793      0.000

 Intercepts
    RT1_TOTAL          0.000      0.000    999.000    999.000
    RT2_TOTAL          0.000      0.000    999.000    999.000
    RT3_TOTAL          0.000      0.000    999.000    999.000
    RT4_TOTAL          0.000      0.000    999.000    999.000

 Variances
    INTERCEPT          1.000      0.000    999.000    999.000
    SLOPE              1.000      0.000    999.000    999.000

 Residual Variances
    RT1_TOTAL          0.053      0.003     18.114      0.000
    RT2_TOTAL          0.054      0.003     18.482      0.000
    RT3_TOTAL          0.055      0.003     18.508      0.000
    RT4_TOTAL          0.056      0.003     18.159      0.000


STDY Standardization

                                                    Two-Tailed
                    Estimate       S.E.  Est./S.E.    P-Value

 INTERCEP BY
    RT1_TOTAL          0.973      0.002    648.648      0.000
    RT2_TOTAL          0.985      0.003    296.749      0.000
    RT3_TOTAL          0.993      0.006    173.030      0.000
    RT4_TOTAL          0.998      0.008    119.780      0.000

 SLOPE    BY
    RT1_TOTAL          0.000      0.000    999.000    999.000
    RT2_TOTAL          0.057      0.006      9.682      0.000
    RT3_TOTAL          0.115      0.012      9.686      0.000
    RT4_TOTAL          0.173      0.018      9.748      0.000

 INTERCEP WITH
    SLOPE             -0.239      0.047     -5.068      0.000

 Means
    INTERCEPT         12.641      0.214     59.132      0.000
    SLOPE             -6.561      0.670     -9.793      0.000

 Intercepts
    RT1_TOTAL          0.000      0.000    999.000    999.000
    RT2_TOTAL          0.000      0.000    999.000    999.000
    RT3_TOTAL          0.000      0.000    999.000    999.000
    RT4_TOTAL          0.000      0.000    999.000    999.000

 Variances
    INTERCEPT          1.000      0.000    999.000    999.000
    SLOPE              1.000      0.000    999.000    999.000

 Residual Variances
    RT1_TOTAL          0.053      0.003     18.114      0.000
    RT2_TOTAL          0.054      0.003     18.482      0.000
    RT3_TOTAL          0.055      0.003     18.508      0.000
    RT4_TOTAL          0.056      0.003     18.159      0.000


STD Standardization

                                                    Two-Tailed
                    Estimate       S.E.  Est./S.E.    P-Value

 INTERCEP BY
    RT1_TOTAL         50.377      0.857     58.764      0.000
    RT2_TOTAL         50.377      0.857     58.764      0.000
    RT3_TOTAL         50.377      0.857     58.764      0.000
    RT4_TOTAL         50.377      0.857     58.764      0.000

 SLOPE    BY
    RT1_TOTAL          0.000      0.000    999.000    999.000
    RT2_TOTAL          2.905      0.295      9.854      0.000
    RT3_TOTAL          5.811      0.590      9.854      0.000
    RT4_TOTAL          8.716      0.885      9.854      0.000

 INTERCEP WITH
    SLOPE             -0.239      0.047     -5.068      0.000

 Means
    INTERCEPT         12.641      0.214     59.132      0.000
    SLOPE             -6.561      0.670     -9.793      0.000

 Intercepts
    RT1_TOTAL          0.000      0.000    999.000    999.000
    RT2_TOTAL          0.000      0.000    999.000    999.000
    RT3_TOTAL          0.000      0.000    999.000    999.000
    RT4_TOTAL          0.000      0.000    999.000    999.000

 Variances
    INTERCEPT          1.000      0.000    999.000    999.000
    SLOPE              1.000      0.000    999.000    999.000

 Residual Variances
    RT1_TOTAL        141.748      6.538     21.680      0.000
    RT2_TOTAL        141.748      6.538     21.680      0.000
    RT3_TOTAL        141.748      6.538     21.680      0.000
    RT4_TOTAL        141.748      6.538     21.680      0.000


R-SQUARE

    Observed                                        Two-Tailed
    Variable        Estimate       S.E.  Est./S.E.    P-Value

    RT1_TOTA           0.947      0.003    324.324      0.000
    RT2_TOTA           0.946      0.003    322.898      0.000
    RT3_TOTA           0.945      0.003    317.544      0.000
    RT4_TOTA           0.944      0.003    308.022      0.000


TECHNICAL 4 OUTPUT


     ESTIMATES DERIVED FROM THE MODEL


           ESTIMATED MEANS FOR THE LATENT VARIABLES
              INTERCEP      SLOPE
              ________      ________
              636.806       -19.062


           S.E. FOR ESTIMATED MEANS FOR THE LATENT VARIABLES
              INTERCEP      SLOPE
              ________      ________
                1.150         0.142


           EST./S.E. FOR ESTIMATED MEANS FOR THE LATENT VARIABLES
              INTERCEP      SLOPE
              ________      ________
              553.962      -134.071


           TWO-TAILED P-VALUE FOR ESTIMATED MEANS FOR THE LATENT VARIABLES
              INTERCEP      SLOPE
              ________      ________
                0.000         0.000


           ESTIMATED COVARIANCE MATRIX FOR THE LATENT VARIABLES
              INTERCEP      SLOPE
              ________      ________
 INTERCEP    2537.871
 SLOPE        -34.919         8.442


           S.E. FOR ESTIMATED COVARIANCE MATRIX FOR THE LATENT VARIABLES
              INTERCEP      SLOPE
              ________      ________
 INTERCEP      86.375
 SLOPE          7.440         1.713


           EST./S.E. FOR ESTIMATED COVARIANCE MATRIX FOR THE LATENT VARIABLES
              INTERCEP      SLOPE
              ________      ________
 INTERCEP      29.382
 SLOPE         -4.693         4.927


           TWO-TAILED P-VALUE FOR ESTIMATED COVARIANCE MATRIX FOR THE LATENT VARIABLES
              INTERCEP      SLOPE
              ________      ________
 INTERCEP       0.000
 SLOPE          0.000         0.000


           ESTIMATED CORRELATION MATRIX FOR THE LATENT VARIABLES
              INTERCEP      SLOPE
              ________      ________
 INTERCEP       1.000
 SLOPE         -0.239         1.000


           S.E. FOR ESTIMATED CORRELATION MATRIX FOR THE LATENT VARIABLES
              INTERCEP      SLOPE
              ________      ________
 INTERCEP       0.000
 SLOPE          0.047         0.000


           EST./S.E. FOR ESTIMATED CORRELATION MATRIX FOR THE LATENT VARIABLES
              INTERCEP      SLOPE
              ________      ________
 INTERCEP     999.000
 SLOPE         -5.068       999.000


           TWO-TAILED P-VALUE FOR ESTIMATED CORRELATION MATRIX FOR THE LATENT VARIABLES
              INTERCEP      SLOPE
              ________      ________
 INTERCEP       0.000
 SLOPE          0.000         0.000


SAMPLE STATISTICS FOR ESTIMATED FACTOR SCORES


     SAMPLE STATISTICS


           Means
              INTERCEP      INTERCEP      SLOPE         SLOPE_SE
              ________      ________      ________      ________
              636.806         7.695       -19.062         2.580


           Covariances
              INTERCEP      INTERCEP      SLOPE         SLOPE_SE
              ________      ________      ________      ________
 INTERCEP    2477.773
 INTERCEP      -2.562         0.872
 SLOPE        -25.881         0.038         1.775
 SLOPE_SE      -0.249         0.055         0.009         0.009


           Correlations
              INTERCEP      INTERCEP      SLOPE         SLOPE_SE
              ________      ________      ________      ________
 INTERCEP       1.000
 INTERCEP      -0.055         1.000
 SLOPE         -0.390         0.031         1.000
 SLOPE_SE      -0.054         0.629         0.074         1.000


PLOT INFORMATION

The following plots are available:

  Histograms (sample values, estimated factor scores, estimated values, residuals)
  Scatterplots (sample values, estimated factor scores, estimated values, residuals)
  Sample means
  Estimated means
  Sample and estimated means
  Latent variable distribution plots
  Observed individual values
  Estimated individual values

     Beginning Time:  12:36:46
        Ending Time:  12:36:47
       Elapsed Time:  00:00:01



MUTHEN & MUTHEN
3463 Stoner Ave.
Los Angeles, CA  90066

Tel: (310) 391-9971
Fax: (310) 391-8971
Web: www.StatModel.com
Support: Support@StatModel.com

Copyright (c) 1998-2022 Muthen & Muthen
