Mplus VERSION 8.8 (Mac)
MUTHEN & MUTHEN
01/07/2026   8:38 AM

INPUT INSTRUCTIONS

  TITLE:	GMV growth model- LINEAR - FEMALE

  DATA:	FILE IS dfmerged_mplus.dat;

  DEFINE:
    ! Rescale large variables to avoid variance > 1,000,000
    ! r indicates rescaled
    rT1_cort = cort_vol_1 / 1000;
    rT2_cort = cort_vol_2 / 1000;
    rT3_cort = cort_vol_3 / 1000;
    rT4_cort = cort_vol_4 / 1000;

  VARIABLE:	

  NAMES = numeric_id sex age_1 age_2 age_3 age_4
  subcort_vol_1 subcort_vol_2 subcort_vol_3 subcort_vol_4
  cort_vol_1 cort_vol_2 cort_vol_3 cort_vol_4
  fam_ID
  T1_totalGMV T2_totalGMV T3_totalGMV T4_totalGMV
  yfPDStiming yfPDStempo pfPDStiming pfPDStempo
  ymPDStiming ymPDStempo pmPDStiming pmPDStempo
  wmb wm6 ela_plus;

  MISSING = ALL (-999);
  USEVAR = rT1_cort rT2_cort rT3_cort rT4_cort;
  SUBPOPULATION = (sex NE 1);
  CLUSTER = fam_ID;

  ANALYSIS:

  TYPE = COMPLEX;
  ESTIMATOR = MLR;
  	
  MODEL:	intercept by rT1_cort-rT4_cort@1;
  	intercept;
  	[intercept];
  	slope BY rT1_cort@0
  		rT2_cort@1
  		rT3_cort@2
  		rT4_cort@3;
  	slope;
  	[slope];
  	intercept WITH slope;
  	rT1_cort-rT4_cort (theta); !theta forces variances to be equal over time
  	[rT1_cort-rT4_cort@0];

  OUTPUT: SAMPSTAT STANDARDIZED TECH4;



INPUT READING TERMINATED NORMALLY



GMV growth model- LINEAR - FEMALE

SUMMARY OF ANALYSIS

Number of groups                                                 1
Number of observations                                        2397

Number of dependent variables                                    4
Number of independent variables                                  0
Number of continuous latent variables                            2

Observed dependent variables

  Continuous
   RT1_CORT    RT2_CORT    RT3_CORT    RT4_CORT

Continuous latent variables
   INTERCEP    SLOPE

Variables with special functions

  Cluster variable      FAM_ID

Estimator                                                      MLR
Information matrix                                        OBSERVED
Maximum number of iterations                                  1000
Convergence criterion                                    0.500D-04
Maximum number of steepest descent iterations                   20
Maximum number of iterations for H1                           2000
Convergence criterion for H1                             0.100D-03

Input data file(s)
  dfmerged_mplus.dat

Input data format  FREE


SUMMARY OF DATA

     Number of missing data patterns            15
     Number of clusters                       2064



SAMPLE STATISTICS


     ESTIMATED SAMPLE STATISTICS


           Means
              RT1_CORT      RT2_CORT      RT3_CORT      RT4_CORT
              ________      ________      ________      ________
              576.537       564.159       538.309       520.978


           Covariances
              RT1_CORT      RT2_CORT      RT3_CORT      RT4_CORT
              ________      ________      ________      ________
 RT1_CORT    2303.773
 RT2_CORT    2222.880      2371.541
 RT3_CORT    2178.393      2241.583      2390.013
 RT4_CORT    2065.535      2104.528      2160.197      2122.526


           Correlations
              RT1_CORT      RT2_CORT      RT3_CORT      RT4_CORT
              ________      ________      ________      ________
 RT1_CORT       1.000
 RT2_CORT       0.951         1.000
 RT3_CORT       0.928         0.942         1.000
 RT4_CORT       0.934         0.938         0.959         1.000


     MAXIMUM LOG-LIKELIHOOD VALUE FOR THE UNRESTRICTED (H1) MODEL IS -34684.060


UNIVARIATE SAMPLE STATISTICS


     UNIVARIATE HIGHER-ORDER MOMENT DESCRIPTIVE STATISTICS

         Variable/         Mean/     Skewness/   Minimum/ % with                Percentiles
        Sample Size      Variance    Kurtosis    Maximum  Min/Max      20%/60%    40%/80%    Median

     RT1_CORT            576.678       0.181     433.222    0.04%     537.170    563.547    575.170
            2378.000    2284.353       0.233     777.738    0.04%     587.167    616.420
     RT2_CORT            564.370       0.128     391.164    0.05%     523.856    550.353    563.330
            1994.000    2403.425       0.186     782.661    0.05%     574.930    606.589
     RT3_CORT            539.553       0.238     401.418    0.07%     499.075    524.990    537.567
            1467.000    2333.347       0.192     753.645    0.07%     550.129    581.144
     RT4_CORT            521.796       0.168     350.881    0.05%     482.799    508.318    519.777
            1940.000    2150.510       0.197     731.393    0.05%     532.538    562.007


THE MODEL ESTIMATION TERMINATED NORMALLY



MODEL FIT INFORMATION

Number of Free Parameters                        6

Loglikelihood

          H0 Value                      -34999.765
          H0 Scaling Correction Factor      1.6386
            for MLR
          H1 Value                      -34684.060
          H1 Scaling Correction Factor      1.8380
            for MLR

Information Criteria

          Akaike (AIC)                   70011.530
          Bayesian (BIC)                 70046.221
          Sample-Size Adjusted BIC       70027.158
            (n* = (n + 2) / 24)

Chi-Square Test of Model Fit

          Value                            317.692*
          Degrees of Freedom                     8
          P-Value                           0.0000
          Scaling Correction Factor         1.9875
            for MLR

*   The chi-square value for MLM, MLMV, MLR, ULSMV, WLSM and WLSMV cannot be used
    for chi-square difference testing in the regular way.  MLM, MLR and WLSM
    chi-square difference testing is described on the Mplus website.  MLMV, WLSMV,
    and ULSMV difference testing is done using the DIFFTEST option.

RMSEA (Root Mean Square Error Of Approximation)

          Estimate                           0.127
          90 Percent C.I.                    0.115  0.139
          Probability RMSEA <= .05           0.000

CFI/TLI

          CFI                                0.935
          TLI                                0.951

Chi-Square Test of Model Fit for the Baseline Model

          Value                           4787.101
          Degrees of Freedom                     6
          P-Value                           0.0000

SRMR (Standardized Root Mean Square Residual)

          Value                              0.126



MODEL RESULTS

                                                    Two-Tailed
                    Estimate       S.E.  Est./S.E.    P-Value

 INTERCEP BY
    RT1_CORT           1.000      0.000    999.000    999.000
    RT2_CORT           1.000      0.000    999.000    999.000
    RT3_CORT           1.000      0.000    999.000    999.000
    RT4_CORT           1.000      0.000    999.000    999.000

 SLOPE    BY
    RT1_CORT           0.000      0.000    999.000    999.000
    RT2_CORT           1.000      0.000    999.000    999.000
    RT3_CORT           2.000      0.000    999.000    999.000
    RT4_CORT           3.000      0.000    999.000    999.000

 INTERCEP WITH
    SLOPE            -35.576      6.780     -5.248      0.000

 Means
    INTERCEPT        578.562      1.081    535.442      0.000
    SLOPE            -19.013      0.136   -139.923      0.000

 Intercepts
    RT1_CORT           0.000      0.000    999.000    999.000
    RT2_CORT           0.000      0.000    999.000    999.000
    RT3_CORT           0.000      0.000    999.000    999.000
    RT4_CORT           0.000      0.000    999.000    999.000

 Variances
    INTERCEPT       2238.534     76.755     29.165      0.000
    SLOPE              7.332      1.612      4.548      0.000

 Residual Variances
    RT1_CORT         131.921      6.364     20.728      0.000
    RT2_CORT         131.921      6.364     20.728      0.000
    RT3_CORT         131.921      6.364     20.728      0.000
    RT4_CORT         131.921      6.364     20.728      0.000


QUALITY OF NUMERICAL RESULTS

     Condition Number for the Information Matrix              0.602E-04
       (ratio of smallest to largest eigenvalue)


STANDARDIZED MODEL RESULTS


STDYX Standardization

                                                    Two-Tailed
                    Estimate       S.E.  Est./S.E.    P-Value

 INTERCEP BY
    RT1_CORT           0.972      0.002    596.423      0.000
    RT2_CORT           0.985      0.003    283.576      0.000
    RT3_CORT           0.996      0.006    167.753      0.000
    RT4_CORT           1.003      0.009    116.521      0.000

 SLOPE    BY
    RT1_CORT           0.000      0.000    999.000    999.000
    RT2_CORT           0.056      0.006      8.958      0.000
    RT3_CORT           0.114      0.013      8.960      0.000
    RT4_CORT           0.172      0.019      9.016      0.000

 INTERCEP WITH
    SLOPE             -0.278      0.049     -5.647      0.000

 Means
    INTERCEPT         12.228      0.208     58.817      0.000
    SLOPE             -7.021      0.775     -9.055      0.000

 Intercepts
    RT1_CORT           0.000      0.000    999.000    999.000
    RT2_CORT           0.000      0.000    999.000    999.000
    RT3_CORT           0.000      0.000    999.000    999.000
    RT4_CORT           0.000      0.000    999.000    999.000

 Variances
    INTERCEPT          1.000      0.000    999.000    999.000
    SLOPE              1.000      0.000    999.000    999.000

 Residual Variances
    RT1_CORT           0.056      0.003     17.574      0.000
    RT2_CORT           0.057      0.003     17.957      0.000
    RT3_CORT           0.058      0.003     17.993      0.000
    RT4_CORT           0.059      0.003     17.640      0.000


STDY Standardization

                                                    Two-Tailed
                    Estimate       S.E.  Est./S.E.    P-Value

 INTERCEP BY
    RT1_CORT           0.972      0.002    596.423      0.000
    RT2_CORT           0.985      0.003    283.576      0.000
    RT3_CORT           0.996      0.006    167.753      0.000
    RT4_CORT           1.003      0.009    116.521      0.000

 SLOPE    BY
    RT1_CORT           0.000      0.000    999.000    999.000
    RT2_CORT           0.056      0.006      8.958      0.000
    RT3_CORT           0.114      0.013      8.960      0.000
    RT4_CORT           0.172      0.019      9.016      0.000

 INTERCEP WITH
    SLOPE             -0.278      0.049     -5.647      0.000

 Means
    INTERCEPT         12.228      0.208     58.817      0.000
    SLOPE             -7.021      0.775     -9.055      0.000

 Intercepts
    RT1_CORT           0.000      0.000    999.000    999.000
    RT2_CORT           0.000      0.000    999.000    999.000
    RT3_CORT           0.000      0.000    999.000    999.000
    RT4_CORT           0.000      0.000    999.000    999.000

 Variances
    INTERCEPT          1.000      0.000    999.000    999.000
    SLOPE              1.000      0.000    999.000    999.000

 Residual Variances
    RT1_CORT           0.056      0.003     17.574      0.000
    RT2_CORT           0.057      0.003     17.957      0.000
    RT3_CORT           0.058      0.003     17.993      0.000
    RT4_CORT           0.059      0.003     17.640      0.000


STD Standardization

                                                    Two-Tailed
                    Estimate       S.E.  Est./S.E.    P-Value

 INTERCEP BY
    RT1_CORT          47.313      0.811     58.330      0.000
    RT2_CORT          47.313      0.811     58.330      0.000
    RT3_CORT          47.313      0.811     58.330      0.000
    RT4_CORT          47.313      0.811     58.330      0.000

 SLOPE    BY
    RT1_CORT           0.000      0.000    999.000    999.000
    RT2_CORT           2.708      0.298      9.096      0.000
    RT3_CORT           5.416      0.595      9.096      0.000
    RT4_CORT           8.123      0.893      9.096      0.000

 INTERCEP WITH
    SLOPE             -0.278      0.049     -5.647      0.000

 Means
    INTERCEPT         12.228      0.208     58.817      0.000
    SLOPE             -7.021      0.775     -9.055      0.000

 Intercepts
    RT1_CORT           0.000      0.000    999.000    999.000
    RT2_CORT           0.000      0.000    999.000    999.000
    RT3_CORT           0.000      0.000    999.000    999.000
    RT4_CORT           0.000      0.000    999.000    999.000

 Variances
    INTERCEPT          1.000      0.000    999.000    999.000
    SLOPE              1.000      0.000    999.000    999.000

 Residual Variances
    RT1_CORT         131.921      6.364     20.728      0.000
    RT2_CORT         131.921      6.364     20.728      0.000
    RT3_CORT         131.921      6.364     20.728      0.000
    RT4_CORT         131.921      6.364     20.728      0.000


R-SQUARE

    Observed                                        Two-Tailed
    Variable        Estimate       S.E.  Est./S.E.    P-Value

    RT1_CORT           0.944      0.003    298.211      0.000
    RT2_CORT           0.943      0.003    296.026      0.000
    RT3_CORT           0.942      0.003    289.911      0.000
    RT4_CORT           0.941      0.003    279.604      0.000


TECHNICAL 4 OUTPUT


     ESTIMATES DERIVED FROM THE MODEL


           ESTIMATED MEANS FOR THE LATENT VARIABLES
              INTERCEP      SLOPE
              ________      ________
              578.562       -19.013


           S.E. FOR ESTIMATED MEANS FOR THE LATENT VARIABLES
              INTERCEP      SLOPE
              ________      ________
                1.081         0.136


           EST./S.E. FOR ESTIMATED MEANS FOR THE LATENT VARIABLES
              INTERCEP      SLOPE
              ________      ________
              535.442      -139.923


           TWO-TAILED P-VALUE FOR ESTIMATED MEANS FOR THE LATENT VARIABLES
              INTERCEP      SLOPE
              ________      ________
                0.000         0.000


           ESTIMATED COVARIANCE MATRIX FOR THE LATENT VARIABLES
              INTERCEP      SLOPE
              ________      ________
 INTERCEP    2238.534
 SLOPE        -35.576         7.332


           S.E. FOR ESTIMATED COVARIANCE MATRIX FOR THE LATENT VARIABLES
              INTERCEP      SLOPE
              ________      ________
 INTERCEP      76.755
 SLOPE          6.780         1.612


           EST./S.E. FOR ESTIMATED COVARIANCE MATRIX FOR THE LATENT VARIABLES
              INTERCEP      SLOPE
              ________      ________
 INTERCEP      29.165
 SLOPE         -5.248         4.548


           TWO-TAILED P-VALUE FOR ESTIMATED COVARIANCE MATRIX FOR THE LATENT VARIABLES
              INTERCEP      SLOPE
              ________      ________
 INTERCEP       0.000
 SLOPE          0.000         0.000


           ESTIMATED CORRELATION MATRIX FOR THE LATENT VARIABLES
              INTERCEP      SLOPE
              ________      ________
 INTERCEP       1.000
 SLOPE         -0.278         1.000


           S.E. FOR ESTIMATED CORRELATION MATRIX FOR THE LATENT VARIABLES
              INTERCEP      SLOPE
              ________      ________
 INTERCEP       0.000
 SLOPE          0.049         0.000


           EST./S.E. FOR ESTIMATED CORRELATION MATRIX FOR THE LATENT VARIABLES
              INTERCEP      SLOPE
              ________      ________
 INTERCEP     999.000
 SLOPE         -5.647       999.000


           TWO-TAILED P-VALUE FOR ESTIMATED CORRELATION MATRIX FOR THE LATENT VARIABLES
              INTERCEP      SLOPE
              ________      ________
 INTERCEP       0.000
 SLOPE          0.000         0.000


     Beginning Time:  08:38:28
        Ending Time:  08:38:28
       Elapsed Time:  00:00:00



MUTHEN & MUTHEN
3463 Stoner Ave.
Los Angeles, CA  90066

Tel: (310) 391-9971
Fax: (310) 391-8971
Web: www.StatModel.com
Support: Support@StatModel.com

Copyright (c) 1998-2022 Muthen & Muthen
