Mplus VERSION 8.8 (Mac)
MUTHEN & MUTHEN
08/22/2025   9:46 AM

INPUT INSTRUCTIONS

  TITLE:	GMV growth model- LINEAR GROWTH - FEMALE

  DATA:	FILE IS gmv_mplus.dat;

  DEFINE:
    ! Rescale large variables to avoid variance > 1,000,000
    ! r indicates rescaled
    rT1_TOTAL = T1_totalGMV / 1000;
    rT2_TOTAL = T2_totalGMV / 1000;
    rT3_TOTAL = T3_totalGMV / 1000;
    rT4_TOTAL = T4_totalGMV / 1000;

  VARIABLE:	

  NAMES = sex age_1 age_3 age_2 age_4
          subcort_vol_1 subcort_vol_3 subcort_vol_2 subcort_vol_4
          cort_vol_1 cort_vol_3 cort_vol_2 cort_vol_4
          fam_ID T1_totalGMV T2_totalGMV T3_totalGMV T4_totalGMV
          numeric_id;

  MISSING = ALL (-999);
  USEVAR = rT1_TOTAL rT2_TOTAL rT3_TOTAL rT4_TOTAL;
  SUBPOPULATION = (sex NE 1);
  CLUSTER = fam_ID;

  ANALYSIS:

  TYPE = COMPLEX;
  ESTIMATOR = MLR;
  	
  MODEL:	intercept by rT1_TOTAL-rT4_TOTAL@1;
  	intercept;
  	[intercept];
  	slope BY rT1_TOTAL@0
  		rT2_TOTAL*
  		rT3_TOTAL*
  		rT4_TOTAL@1;
  	slope;
  	[slope];
  	intercept WITH slope;
  	rT1_TOTAL-rT4_TOTAL (theta); !theta forces variances to be equal over time
  	[rT1_TOTAL-rT4_TOTAL@0];

  OUTPUT: SAMPSTAT STANDARDIZED TECH4;

  PLOT:
  TYPE = PLOT3;
  SERIES = rT1_TOTAL-rT4_TOTAL (slope);



*** WARNING in VARIABLE command
  Note that only the first 8 characters of variable names are used in the output.
  Shorten variable names to avoid any confusion.
*** WARNING in PLOT command
  Note that only the first 8 characters of variable names are used in plots.
  If variable names are not unique within the first 8 characters, problems
  may occur.
   2 WARNING(S) FOUND IN THE INPUT INSTRUCTIONS



GMV growth model- LINEAR GROWTH - FEMALE

SUMMARY OF ANALYSIS

Number of groups                                                 1
Number of observations                                        2397

Number of dependent variables                                    4
Number of independent variables                                  0
Number of continuous latent variables                            2

Observed dependent variables

  Continuous
   RT1_TOTAL   RT2_TOTAL   RT3_TOTAL   RT4_TOTAL

Continuous latent variables
   INTERCEP    SLOPE

Variables with special functions

  Cluster variable      FAM_ID

Estimator                                                      MLR
Information matrix                                        OBSERVED
Maximum number of iterations                                  1000
Convergence criterion                                    0.500D-04
Maximum number of steepest descent iterations                   20
Maximum number of iterations for H1                           2000
Convergence criterion for H1                             0.100D-03

Input data file(s)
  gmv_mplus.dat

Input data format  FREE


SUMMARY OF DATA

     Number of missing data patterns            15
     Number of clusters                       2064



SAMPLE STATISTICS


     ESTIMATED SAMPLE STATISTICS


           Means
              RT1_TOTA      RT2_TOTA      RT3_TOTA      RT4_TOTA
              ________      ________      ________      ________
              634.525       622.803       596.587       578.848


           Covariances
              RT1_TOTA      RT2_TOTA      RT3_TOTA      RT4_TOTA
              ________      ________      ________      ________
 RT1_TOTA    2610.162
 RT2_TOTA    2524.449      2680.999
 RT3_TOTA    2480.565      2550.612      2717.594
 RT4_TOTA    2363.488      2408.460      2475.297      2438.575


           Correlations
              RT1_TOTA      RT2_TOTA      RT3_TOTA      RT4_TOTA
              ________      ________      ________      ________
 RT1_TOTA       1.000
 RT2_TOTA       0.954         1.000
 RT3_TOTA       0.931         0.945         1.000
 RT4_TOTA       0.937         0.942         0.962         1.000


     MAXIMUM LOG-LIKELIHOOD VALUE FOR THE UNRESTRICTED (H1) MODEL IS -35028.024


UNIVARIATE SAMPLE STATISTICS


     UNIVARIATE HIGHER-ORDER MOMENT DESCRIPTIVE STATISTICS

         Variable/         Mean/     Skewness/   Minimum/ % with                Percentiles
        Sample Size      Variance    Kurtosis    Maximum  Min/Max      20%/60%    40%/80%    Median

     RT1_TOTAL           634.689       0.160     479.890    0.04%     592.666    620.900    632.997
            2378.000    2590.611       0.217     850.486    0.04%     646.562    677.395
     RT2_TOTAL           622.983       0.111     436.067    0.05%     580.603    608.043    621.984
            1994.000    2717.006       0.178     861.602    0.05%     635.168    667.984
     RT3_TOTAL           597.941       0.217     448.933    0.07%     555.143    583.301    595.198
            1467.000    2659.263       0.199     821.976    0.07%     609.600    642.020
     RT4_TOTAL           579.784       0.143     393.740    0.05%     537.099    565.576    578.750
            1940.000    2466.505       0.202     809.586    0.05%     591.485    622.594


THE MODEL ESTIMATION TERMINATED NORMALLY



MODEL FIT INFORMATION

Number of Free Parameters                        8

Loglikelihood

          H0 Value                      -35105.927
          H0 Scaling Correction Factor      1.6728
            for MLR
          H1 Value                      -35028.024
          H1 Scaling Correction Factor      1.7931
            for MLR

Information Criteria

          Akaike (AIC)                   70227.854
          Bayesian (BIC)                 70274.110
          Sample-Size Adjusted BIC       70248.692
            (n* = (n + 2) / 24)

Chi-Square Test of Model Fit

          Value                             79.760*
          Degrees of Freedom                     6
          P-Value                           0.0000
          Scaling Correction Factor         1.9534
            for MLR

*   The chi-square value for MLM, MLMV, MLR, ULSMV, WLSM and WLSMV cannot be used
    for chi-square difference testing in the regular way.  MLM, MLR and WLSM
    chi-square difference testing is described on the Mplus website.  MLMV, WLSMV,
    and ULSMV difference testing is done using the DIFFTEST option.

RMSEA (Root Mean Square Error Of Approximation)

          Estimate                           0.072
          90 Percent C.I.                    0.058  0.086
          Probability RMSEA <= .05           0.005

CFI/TLI

          CFI                                0.986
          TLI                                0.986

Chi-Square Test of Model Fit for the Baseline Model

          Value                           5100.058
          Degrees of Freedom                     6
          P-Value                           0.0000

SRMR (Standardized Root Mean Square Residual)

          Value                              0.127



MODEL RESULTS

                                                    Two-Tailed
                    Estimate       S.E.  Est./S.E.    P-Value

 INTERCEP BY
    RT1_TOTAL          1.000      0.000    999.000    999.000
    RT2_TOTAL          1.000      0.000    999.000    999.000
    RT3_TOTAL          1.000      0.000    999.000    999.000
    RT4_TOTAL          1.000      0.000    999.000    999.000

 SLOPE    BY
    RT1_TOTAL          0.000      0.000    999.000    999.000
    RT2_TOTAL          0.210      0.006     37.135      0.000
    RT3_TOTAL          0.685      0.007     93.506      0.000
    RT4_TOTAL          1.000      0.000    999.000    999.000

 INTERCEP WITH
    SLOPE           -121.879     21.393     -5.697      0.000

 Means
    INTERCEPT        634.532      1.142    555.420      0.000
    SLOPE            -55.605      0.413   -134.497      0.000

 Intercepts
    RT1_TOTAL          0.000      0.000    999.000    999.000
    RT2_TOTAL          0.000      0.000    999.000    999.000
    RT3_TOTAL          0.000      0.000    999.000    999.000
    RT4_TOTAL          0.000      0.000    999.000    999.000

 Variances
    INTERCEPT       2547.533     85.540     29.782      0.000
    SLOPE            118.663     14.952      7.936      0.000

 Residual Variances
    RT1_TOTAL        119.078      6.685     17.812      0.000
    RT2_TOTAL        119.078      6.685     17.812      0.000
    RT3_TOTAL        119.078      6.685     17.812      0.000
    RT4_TOTAL        119.078      6.685     17.812      0.000


QUALITY OF NUMERICAL RESULTS

     Condition Number for the Information Matrix              0.836E-04
       (ratio of smallest to largest eigenvalue)


STANDARDIZED MODEL RESULTS


STDYX Standardization

                                                    Two-Tailed
                    Estimate       S.E.  Est./S.E.    P-Value

 INTERCEP BY
    RT1_TOTAL          0.977      0.001    679.295      0.000
    RT2_TOTAL          0.986      0.002    425.104      0.000
    RT3_TOTAL          0.998      0.006    176.931      0.000
    RT4_TOTAL          1.001      0.008    124.142      0.000

 SLOPE    BY
    RT1_TOTAL          0.000      0.000    999.000    999.000
    RT2_TOTAL          0.045      0.003     15.271      0.000
    RT3_TOTAL          0.148      0.010     14.536      0.000
    RT4_TOTAL          0.216      0.014     15.415      0.000

 INTERCEP WITH
    SLOPE             -0.222      0.036     -6.144      0.000

 Means
    INTERCEPT         12.572      0.210     59.884      0.000
    SLOPE             -5.105      0.326    -15.639      0.000

 Intercepts
    RT1_TOTAL          0.000      0.000    999.000    999.000
    RT2_TOTAL          0.000      0.000    999.000    999.000
    RT3_TOTAL          0.000      0.000    999.000    999.000
    RT4_TOTAL          0.000      0.000    999.000    999.000

 Variances
    INTERCEPT          1.000      0.000    999.000    999.000
    SLOPE              1.000      0.000    999.000    999.000

 Residual Variances
    RT1_TOTAL          0.045      0.003     15.876      0.000
    RT2_TOTAL          0.045      0.003     15.991      0.000
    RT3_TOTAL          0.047      0.003     16.005      0.000
    RT4_TOTAL          0.047      0.003     15.715      0.000


STDY Standardization

                                                    Two-Tailed
                    Estimate       S.E.  Est./S.E.    P-Value

 INTERCEP BY
    RT1_TOTAL          0.977      0.001    679.295      0.000
    RT2_TOTAL          0.986      0.002    425.104      0.000
    RT3_TOTAL          0.998      0.006    176.931      0.000
    RT4_TOTAL          1.001      0.008    124.142      0.000

 SLOPE    BY
    RT1_TOTAL          0.000      0.000    999.000    999.000
    RT2_TOTAL          0.045      0.003     15.271      0.000
    RT3_TOTAL          0.148      0.010     14.536      0.000
    RT4_TOTAL          0.216      0.014     15.415      0.000

 INTERCEP WITH
    SLOPE             -0.222      0.036     -6.144      0.000

 Means
    INTERCEPT         12.572      0.210     59.884      0.000
    SLOPE             -5.105      0.326    -15.639      0.000

 Intercepts
    RT1_TOTAL          0.000      0.000    999.000    999.000
    RT2_TOTAL          0.000      0.000    999.000    999.000
    RT3_TOTAL          0.000      0.000    999.000    999.000
    RT4_TOTAL          0.000      0.000    999.000    999.000

 Variances
    INTERCEPT          1.000      0.000    999.000    999.000
    SLOPE              1.000      0.000    999.000    999.000

 Residual Variances
    RT1_TOTAL          0.045      0.003     15.876      0.000
    RT2_TOTAL          0.045      0.003     15.991      0.000
    RT3_TOTAL          0.047      0.003     16.005      0.000
    RT4_TOTAL          0.047      0.003     15.715      0.000


STD Standardization

                                                    Two-Tailed
                    Estimate       S.E.  Est./S.E.    P-Value

 INTERCEP BY
    RT1_TOTAL         50.473      0.847     59.564      0.000
    RT2_TOTAL         50.473      0.847     59.564      0.000
    RT3_TOTAL         50.473      0.847     59.564      0.000
    RT4_TOTAL         50.473      0.847     59.564      0.000

 SLOPE    BY
    RT1_TOTAL          0.000      0.000    999.000    999.000
    RT2_TOTAL          2.286      0.144     15.925      0.000
    RT3_TOTAL          7.459      0.493     15.125      0.000
    RT4_TOTAL         10.893      0.686     15.873      0.000

 INTERCEP WITH
    SLOPE             -0.222      0.036     -6.144      0.000

 Means
    INTERCEPT         12.572      0.210     59.884      0.000
    SLOPE             -5.105      0.326    -15.639      0.000

 Intercepts
    RT1_TOTAL          0.000      0.000    999.000    999.000
    RT2_TOTAL          0.000      0.000    999.000    999.000
    RT3_TOTAL          0.000      0.000    999.000    999.000
    RT4_TOTAL          0.000      0.000    999.000    999.000

 Variances
    INTERCEPT          1.000      0.000    999.000    999.000
    SLOPE              1.000      0.000    999.000    999.000

 Residual Variances
    RT1_TOTAL        119.078      6.685     17.812      0.000
    RT2_TOTAL        119.078      6.685     17.812      0.000
    RT3_TOTAL        119.078      6.685     17.812      0.000
    RT4_TOTAL        119.078      6.685     17.812      0.000


R-SQUARE

    Observed                                        Two-Tailed
    Variable        Estimate       S.E.  Est./S.E.    P-Value

    RT1_TOTA           0.955      0.003    339.648      0.000
    RT2_TOTA           0.955      0.003    335.943      0.000
    RT3_TOTA           0.953      0.003    327.457      0.000
    RT4_TOTA           0.953      0.003    319.693      0.000


TECHNICAL 4 OUTPUT


     ESTIMATES DERIVED FROM THE MODEL


           ESTIMATED MEANS FOR THE LATENT VARIABLES
              INTERCEP      SLOPE
              ________      ________
              634.532       -55.605


           S.E. FOR ESTIMATED MEANS FOR THE LATENT VARIABLES
              INTERCEP      SLOPE
              ________      ________
                1.142         0.413


           EST./S.E. FOR ESTIMATED MEANS FOR THE LATENT VARIABLES
              INTERCEP      SLOPE
              ________      ________
              555.420      -134.497


           TWO-TAILED P-VALUE FOR ESTIMATED MEANS FOR THE LATENT VARIABLES
              INTERCEP      SLOPE
              ________      ________
                0.000         0.000


           ESTIMATED COVARIANCE MATRIX FOR THE LATENT VARIABLES
              INTERCEP      SLOPE
              ________      ________
 INTERCEP    2547.533
 SLOPE       -121.879       118.663


           S.E. FOR ESTIMATED COVARIANCE MATRIX FOR THE LATENT VARIABLES
              INTERCEP      SLOPE
              ________      ________
 INTERCEP      85.540
 SLOPE         21.393        14.952


           EST./S.E. FOR ESTIMATED COVARIANCE MATRIX FOR THE LATENT VARIABLES
              INTERCEP      SLOPE
              ________      ________
 INTERCEP      29.782
 SLOPE         -5.697         7.936


           TWO-TAILED P-VALUE FOR ESTIMATED COVARIANCE MATRIX FOR THE LATENT VARIABLES
              INTERCEP      SLOPE
              ________      ________
 INTERCEP       0.000
 SLOPE          0.000         0.000


           ESTIMATED CORRELATION MATRIX FOR THE LATENT VARIABLES
              INTERCEP      SLOPE
              ________      ________
 INTERCEP       1.000
 SLOPE         -0.222         1.000


           S.E. FOR ESTIMATED CORRELATION MATRIX FOR THE LATENT VARIABLES
              INTERCEP      SLOPE
              ________      ________
 INTERCEP       0.000
 SLOPE          0.036         0.000


           EST./S.E. FOR ESTIMATED CORRELATION MATRIX FOR THE LATENT VARIABLES
              INTERCEP      SLOPE
              ________      ________
 INTERCEP     999.000
 SLOPE         -6.144       999.000


           TWO-TAILED P-VALUE FOR ESTIMATED CORRELATION MATRIX FOR THE LATENT VARIABLES
              INTERCEP      SLOPE
              ________      ________
 INTERCEP       0.000
 SLOPE          0.000         0.000


SAMPLE STATISTICS FOR ESTIMATED FACTOR SCORES


     SAMPLE STATISTICS


           Means
              INTERCEP      INTERCEP      SLOPE         SLOPE_SE
              ________      ________      ________      ________
              634.532         7.324       -55.605         8.927


           Covariances
              INTERCEP      INTERCEP      SLOPE         SLOPE_SE
              ________      ________      ________      ________
 INTERCEP    2493.144
 INTERCEP      -1.795         0.745
 SLOPE        -89.340        -0.064        38.548
 SLOPE_SE      -1.749         0.316         0.137         0.421


           Correlations
              INTERCEP      INTERCEP      SLOPE         SLOPE_SE
              ________      ________      ________      ________
 INTERCEP       1.000
 INTERCEP      -0.042         1.000
 SLOPE         -0.288        -0.012         1.000
 SLOPE_SE      -0.054         0.563         0.034         1.000


PLOT INFORMATION

The following plots are available:

  Histograms (sample values, estimated factor scores, estimated values, residuals)
  Scatterplots (sample values, estimated factor scores, estimated values, residuals)
  Sample means
  Estimated means
  Sample and estimated means
  Latent variable distribution plots
  Observed individual values
  Estimated individual values

     Beginning Time:  09:46:15
        Ending Time:  09:46:15
       Elapsed Time:  00:00:00



MUTHEN & MUTHEN
3463 Stoner Ave.
Los Angeles, CA  90066

Tel: (310) 391-9971
Fax: (310) 391-8971
Web: www.StatModel.com
Support: Support@StatModel.com

Copyright (c) 1998-2022 Muthen & Muthen
