Mplus VERSION 8.8 (Mac)
MUTHEN & MUTHEN
08/22/2025   9:35 AM

INPUT INSTRUCTIONS

  TITLE:	GMV growth model- QUADRATIC GROWTH - FEMALE

  DATA:	FILE IS gmv_mplus.dat;

  DEFINE:
    ! Rescale large variables to avoid variance > 1,000,000
    ! r indicates rescaled
    rT1_TOTAL = T1_totalGMV / 1000;
    rT2_TOTAL = T2_totalGMV / 1000;
    rT3_TOTAL = T3_totalGMV / 1000;
    rT4_TOTAL = T4_totalGMV / 1000;

  VARIABLE:	

  NAMES = sex age_1 age_3 age_2 age_4
          subcort_vol_1 subcort_vol_3 subcort_vol_2 subcort_vol_4
          cort_vol_1 cort_vol_3 cort_vol_2 cort_vol_4
          fam_ID T1_totalGMV T2_totalGMV T3_totalGMV T4_totalGMV
          numeric_id;

  MISSING = ALL (-999);
  USEVAR = rT1_TOTAL rT2_TOTAL rT3_TOTAL rT4_TOTAL;
  SUBPOPULATION = (sex NE 1);
  CLUSTER = fam_ID;

  ANALYSIS:

  TYPE = COMPLEX;
  ESTIMATOR = MLR;
  	
  MODEL:	intercept by rT1_TOTAL-rT4_TOTAL@1;
  	intercept;
  	[intercept];
  	
  	slope BY rT1_TOTAL@0
  		rT2_TOTAL@1
  		rT3_TOTAL@2
  		rT4_TOTAL@3;
  	slope;
  	[slope];
  	
  	quad BY rT1_TOTAL@0
  	        rT2_TOTAL@1
  	        rT3_TOTAL@4
  	        rT4_TOTAL@9;
  	quad@0;
  	[quad];
  		
  	intercept WITH slope;
  	intercept WITH quad@0;  ! remove covariances with quad, npd matrix
             slope WITH quad@0;

  	rT1_TOTAL-rT4_TOTAL (theta); !theta forces variances to be equal over time
  	[rT1_TOTAL-rT4_TOTAL@0];

  OUTPUT: SAMPSTAT STANDARDIZED TECH4;

  PLOT:
  TYPE = PLOT3;
  SERIES = rT1_TOTAL-rT4_TOTAL (slope);



*** WARNING in VARIABLE command
  Note that only the first 8 characters of variable names are used in the output.
  Shorten variable names to avoid any confusion.
*** WARNING in PLOT command
  Note that only the first 8 characters of variable names are used in plots.
  If variable names are not unique within the first 8 characters, problems
  may occur.
   2 WARNING(S) FOUND IN THE INPUT INSTRUCTIONS



GMV growth model- QUADRATIC GROWTH - FEMALE

SUMMARY OF ANALYSIS

Number of groups                                                 1
Number of observations                                        2397

Number of dependent variables                                    4
Number of independent variables                                  0
Number of continuous latent variables                            3

Observed dependent variables

  Continuous
   RT1_TOTAL   RT2_TOTAL   RT3_TOTAL   RT4_TOTAL

Continuous latent variables
   INTERCEP    SLOPE       QUAD

Variables with special functions

  Cluster variable      FAM_ID

Estimator                                                      MLR
Information matrix                                        OBSERVED
Maximum number of iterations                                  1000
Convergence criterion                                    0.500D-04
Maximum number of steepest descent iterations                   20
Maximum number of iterations for H1                           2000
Convergence criterion for H1                             0.100D-03

Input data file(s)
  gmv_mplus.dat

Input data format  FREE


SUMMARY OF DATA

     Number of missing data patterns            15
     Number of clusters                       2064



SAMPLE STATISTICS


     ESTIMATED SAMPLE STATISTICS


           Means
              RT1_TOTA      RT2_TOTA      RT3_TOTA      RT4_TOTA
              ________      ________      ________      ________
              634.525       622.803       596.587       578.848


           Covariances
              RT1_TOTA      RT2_TOTA      RT3_TOTA      RT4_TOTA
              ________      ________      ________      ________
 RT1_TOTA    2610.162
 RT2_TOTA    2524.449      2680.999
 RT3_TOTA    2480.565      2550.612      2717.594
 RT4_TOTA    2363.488      2408.460      2475.297      2438.575


           Correlations
              RT1_TOTA      RT2_TOTA      RT3_TOTA      RT4_TOTA
              ________      ________      ________      ________
 RT1_TOTA       1.000
 RT2_TOTA       0.954         1.000
 RT3_TOTA       0.931         0.945         1.000
 RT4_TOTA       0.937         0.942         0.962         1.000


     MAXIMUM LOG-LIKELIHOOD VALUE FOR THE UNRESTRICTED (H1) MODEL IS -35028.024


UNIVARIATE SAMPLE STATISTICS


     UNIVARIATE HIGHER-ORDER MOMENT DESCRIPTIVE STATISTICS

         Variable/         Mean/     Skewness/   Minimum/ % with                Percentiles
        Sample Size      Variance    Kurtosis    Maximum  Min/Max      20%/60%    40%/80%    Median

     RT1_TOTAL           634.689       0.160     479.890    0.04%     592.666    620.900    632.997
            2378.000    2590.611       0.217     850.486    0.04%     646.562    677.395
     RT2_TOTAL           622.983       0.111     436.067    0.05%     580.603    608.043    621.984
            1994.000    2717.006       0.178     861.602    0.05%     635.168    667.984
     RT3_TOTAL           597.941       0.217     448.933    0.07%     555.143    583.301    595.198
            1467.000    2659.263       0.199     821.976    0.07%     609.600    642.020
     RT4_TOTAL           579.784       0.143     393.740    0.05%     537.099    565.576    578.750
            1940.000    2466.505       0.202     809.586    0.05%     591.485    622.594


THE MODEL ESTIMATION TERMINATED NORMALLY



MODEL FIT INFORMATION

Number of Free Parameters                        7

Loglikelihood

          H0 Value                      -35271.115
          H0 Scaling Correction Factor      1.5907
            for MLR
          H1 Value                      -35028.024
          H1 Scaling Correction Factor      1.7931
            for MLR

Information Criteria

          Akaike (AIC)                   70556.230
          Bayesian (BIC)                 70596.703
          Sample-Size Adjusted BIC       70574.463
            (n* = (n + 2) / 24)

Chi-Square Test of Model Fit

          Value                            243.639*
          Degrees of Freedom                     7
          P-Value                           0.0000
          Scaling Correction Factor         1.9955
            for MLR

*   The chi-square value for MLM, MLMV, MLR, ULSMV, WLSM and WLSMV cannot be used
    for chi-square difference testing in the regular way.  MLM, MLR and WLSM
    chi-square difference testing is described on the Mplus website.  MLMV, WLSMV,
    and ULSMV difference testing is done using the DIFFTEST option.

RMSEA (Root Mean Square Error Of Approximation)

          Estimate                           0.119
          90 Percent C.I.                    0.106  0.132
          Probability RMSEA <= .05           0.000

CFI/TLI

          CFI                                0.954
          TLI                                0.960

Chi-Square Test of Model Fit for the Baseline Model

          Value                           5100.058
          Degrees of Freedom                     6
          P-Value                           0.0000

SRMR (Standardized Root Mean Square Residual)

          Value                              0.141



MODEL RESULTS

                                                    Two-Tailed
                    Estimate       S.E.  Est./S.E.    P-Value

 INTERCEP BY
    RT1_TOTAL          1.000      0.000    999.000    999.000
    RT2_TOTAL          1.000      0.000    999.000    999.000
    RT3_TOTAL          1.000      0.000    999.000    999.000
    RT4_TOTAL          1.000      0.000    999.000    999.000

 SLOPE    BY
    RT1_TOTAL          0.000      0.000    999.000    999.000
    RT2_TOTAL          1.000      0.000    999.000    999.000
    RT3_TOTAL          2.000      0.000    999.000    999.000
    RT4_TOTAL          3.000      0.000    999.000    999.000

 QUAD     BY
    RT1_TOTAL          0.000      0.000    999.000    999.000
    RT2_TOTAL          1.000      0.000    999.000    999.000
    RT3_TOTAL          4.000      0.000    999.000    999.000
    RT4_TOTAL          9.000      0.000    999.000    999.000

 INTERCEP WITH
    SLOPE            -36.529      7.387     -4.945      0.000
    QUAD               0.000      0.000    999.000    999.000

 SLOPE    WITH
    QUAD               0.000      0.000    999.000    999.000

 Means
    INTERCEPT        635.258      1.140    557.022      0.000
    SLOPE            -13.328      0.453    -29.435      0.000
    QUAD              -1.938      0.141    -13.786      0.000

 Intercepts
    RT1_TOTAL          0.000      0.000    999.000    999.000
    RT2_TOTAL          0.000      0.000    999.000    999.000
    RT3_TOTAL          0.000      0.000    999.000    999.000
    RT4_TOTAL          0.000      0.000    999.000    999.000

 Variances
    INTERCEPT       2541.441     86.288     29.453      0.000
    SLOPE              9.995      1.747      5.723      0.000
    QUAD               0.000      0.000    999.000    999.000

 Residual Variances
    RT1_TOTAL        133.907      6.734     19.887      0.000
    RT2_TOTAL        133.907      6.734     19.887      0.000
    RT3_TOTAL        133.907      6.734     19.887      0.000
    RT4_TOTAL        133.907      6.734     19.887      0.000


QUALITY OF NUMERICAL RESULTS

     Condition Number for the Information Matrix              0.606E-04
       (ratio of smallest to largest eigenvalue)


STANDARDIZED MODEL RESULTS


STDYX Standardization

                                                    Two-Tailed
                    Estimate       S.E.  Est./S.E.    P-Value

 INTERCEP BY
    RT1_TOTAL          0.975      0.002    645.726      0.000
    RT2_TOTAL          0.986      0.003    298.684      0.000
    RT3_TOTAL          0.995      0.006    174.371      0.000
    RT4_TOTAL          0.999      0.008    120.684      0.000

 SLOPE    BY
    RT1_TOTAL          0.000      0.000    999.000    999.000
    RT2_TOTAL          0.062      0.006     11.191      0.000
    RT3_TOTAL          0.125      0.011     11.201      0.000
    RT4_TOTAL          0.188      0.017     11.290      0.000

 QUAD     BY
    RT1_TOTAL        999.000    999.000    999.000    999.000
    RT2_TOTAL        999.000    999.000    999.000    999.000
    RT3_TOTAL        999.000    999.000    999.000    999.000
    RT4_TOTAL        999.000    999.000    999.000    999.000

 INTERCEP WITH
    SLOPE             -0.229      0.043     -5.372      0.000
    QUAD             999.000    999.000    999.000    999.000

 SLOPE    WITH
    QUAD             999.000    999.000    999.000    999.000

 Means
    INTERCEPT         12.601      0.213     59.243      0.000
    SLOPE             -4.216      0.424     -9.949      0.000
    QUAD             999.000    999.000    999.000    999.000

 Intercepts
    RT1_TOTAL          0.000      0.000    999.000    999.000
    RT2_TOTAL          0.000      0.000    999.000    999.000
    RT3_TOTAL          0.000      0.000    999.000    999.000
    RT4_TOTAL          0.000      0.000    999.000    999.000

 Variances
    INTERCEPT          1.000      0.000    999.000    999.000
    SLOPE              1.000      0.000    999.000    999.000
    QUAD             999.000    999.000    999.000    999.000

 Residual Variances
    RT1_TOTAL          0.050      0.003     17.012      0.000
    RT2_TOTAL          0.051      0.003     17.323      0.000
    RT3_TOTAL          0.052      0.003     17.331      0.000
    RT4_TOTAL          0.053      0.003     17.009      0.000


STDY Standardization

                                                    Two-Tailed
                    Estimate       S.E.  Est./S.E.    P-Value

 INTERCEP BY
    RT1_TOTAL          0.975      0.002    645.726      0.000
    RT2_TOTAL          0.986      0.003    298.684      0.000
    RT3_TOTAL          0.995      0.006    174.371      0.000
    RT4_TOTAL          0.999      0.008    120.684      0.000

 SLOPE    BY
    RT1_TOTAL          0.000      0.000    999.000    999.000
    RT2_TOTAL          0.062      0.006     11.191      0.000
    RT3_TOTAL          0.125      0.011     11.201      0.000
    RT4_TOTAL          0.188      0.017     11.290      0.000

 QUAD     BY
    RT1_TOTAL        999.000    999.000    999.000    999.000
    RT2_TOTAL        999.000    999.000    999.000    999.000
    RT3_TOTAL        999.000    999.000    999.000    999.000
    RT4_TOTAL        999.000    999.000    999.000    999.000

 INTERCEP WITH
    SLOPE             -0.229      0.043     -5.372      0.000
    QUAD             999.000    999.000    999.000    999.000

 SLOPE    WITH
    QUAD             999.000    999.000    999.000    999.000

 Means
    INTERCEPT         12.601      0.213     59.243      0.000
    SLOPE             -4.216      0.424     -9.949      0.000
    QUAD             999.000    999.000    999.000    999.000

 Intercepts
    RT1_TOTAL          0.000      0.000    999.000    999.000
    RT2_TOTAL          0.000      0.000    999.000    999.000
    RT3_TOTAL          0.000      0.000    999.000    999.000
    RT4_TOTAL          0.000      0.000    999.000    999.000

 Variances
    INTERCEPT          1.000      0.000    999.000    999.000
    SLOPE              1.000      0.000    999.000    999.000
    QUAD             999.000    999.000    999.000    999.000

 Residual Variances
    RT1_TOTAL          0.050      0.003     17.012      0.000
    RT2_TOTAL          0.051      0.003     17.323      0.000
    RT3_TOTAL          0.052      0.003     17.331      0.000
    RT4_TOTAL          0.053      0.003     17.009      0.000


STD Standardization

                                                    Two-Tailed
                    Estimate       S.E.  Est./S.E.    P-Value

 INTERCEP BY
    RT1_TOTAL         50.413      0.856     58.906      0.000
    RT2_TOTAL         50.413      0.856     58.906      0.000
    RT3_TOTAL         50.413      0.856     58.906      0.000
    RT4_TOTAL         50.413      0.856     58.906      0.000

 SLOPE    BY
    RT1_TOTAL          0.000      0.000    999.000    999.000
    RT2_TOTAL          3.162      0.276     11.445      0.000
    RT3_TOTAL          6.323      0.552     11.445      0.000
    RT4_TOTAL          9.485      0.829     11.445      0.000

 QUAD     BY
    RT1_TOTAL        999.000    999.000    999.000    999.000
    RT2_TOTAL        999.000    999.000    999.000    999.000
    RT3_TOTAL        999.000    999.000    999.000    999.000
    RT4_TOTAL        999.000    999.000    999.000    999.000

 INTERCEP WITH
    SLOPE             -0.229      0.043     -5.372      0.000
    QUAD             999.000    999.000    999.000    999.000

 SLOPE    WITH
    QUAD             999.000    999.000    999.000    999.000

 Means
    INTERCEPT         12.601      0.213     59.243      0.000
    SLOPE             -4.216      0.424     -9.949      0.000
    QUAD             999.000    999.000    999.000    999.000

 Intercepts
    RT1_TOTAL          0.000      0.000    999.000    999.000
    RT2_TOTAL          0.000      0.000    999.000    999.000
    RT3_TOTAL          0.000      0.000    999.000    999.000
    RT4_TOTAL          0.000      0.000    999.000    999.000

 Variances
    INTERCEPT          1.000      0.000    999.000    999.000
    SLOPE              1.000      0.000    999.000    999.000
    QUAD             999.000    999.000    999.000    999.000

 Residual Variances
    RT1_TOTAL        133.907      6.734     19.887      0.000
    RT2_TOTAL        133.907      6.734     19.887      0.000
    RT3_TOTAL        133.907      6.734     19.887      0.000
    RT4_TOTAL        133.907      6.734     19.887      0.000


R-SQUARE

    Observed                                        Two-Tailed
    Variable        Estimate       S.E.  Est./S.E.    P-Value

    RT1_TOTA           0.950      0.003    322.863      0.000
    RT2_TOTA           0.949      0.003    320.609      0.000
    RT3_TOTA           0.948      0.003    315.184      0.000
    RT4_TOTA           0.947      0.003    306.396      0.000


TECHNICAL 4 OUTPUT


     ESTIMATES DERIVED FROM THE MODEL


           ESTIMATED MEANS FOR THE LATENT VARIABLES
              INTERCEP      SLOPE         QUAD
              ________      ________      ________
              635.258       -13.328        -1.938


           S.E. FOR ESTIMATED MEANS FOR THE LATENT VARIABLES
              INTERCEP      SLOPE         QUAD
              ________      ________      ________
                1.140         0.453         0.141


           EST./S.E. FOR ESTIMATED MEANS FOR THE LATENT VARIABLES
              INTERCEP      SLOPE         QUAD
              ________      ________      ________
              557.022       -29.435       -13.786


           TWO-TAILED P-VALUE FOR ESTIMATED MEANS FOR THE LATENT VARIABLES
              INTERCEP      SLOPE         QUAD
              ________      ________      ________
                0.000         0.000         0.000


           ESTIMATED COVARIANCE MATRIX FOR THE LATENT VARIABLES
              INTERCEP      SLOPE         QUAD
              ________      ________      ________
 INTERCEP    2541.441
 SLOPE        -36.529         9.995
 QUAD           0.000         0.000         0.000


           S.E. FOR ESTIMATED COVARIANCE MATRIX FOR THE LATENT VARIABLES
              INTERCEP      SLOPE         QUAD
              ________      ________      ________
 INTERCEP      86.288
 SLOPE          7.387         1.747
 QUAD           0.000         0.000         0.000


           EST./S.E. FOR ESTIMATED COVARIANCE MATRIX FOR THE LATENT VARIABLES
              INTERCEP      SLOPE         QUAD
              ________      ________      ________
 INTERCEP      29.453
 SLOPE         -4.945         5.723
 QUAD           0.000         0.000         0.000


           TWO-TAILED P-VALUE FOR ESTIMATED COVARIANCE MATRIX FOR THE LATENT VARIABLES
              INTERCEP      SLOPE         QUAD
              ________      ________      ________
 INTERCEP       0.000
 SLOPE          0.000         0.000
 QUAD           1.000         1.000         1.000


           ESTIMATED CORRELATION MATRIX FOR THE LATENT VARIABLES
              INTERCEP      SLOPE         QUAD
              ________      ________      ________
 INTERCEP       1.000
 SLOPE         -0.229         1.000
 QUAD         999.000       999.000       999.000


           S.E. FOR ESTIMATED CORRELATION MATRIX FOR THE LATENT VARIABLES
              INTERCEP      SLOPE         QUAD
              ________      ________      ________
 INTERCEP       0.000
 SLOPE          0.043         0.000
 QUAD         999.000       999.000         0.000


           EST./S.E. FOR ESTIMATED CORRELATION MATRIX FOR THE LATENT VARIABLES
              INTERCEP      SLOPE         QUAD
              ________      ________      ________
 INTERCEP     999.000
 SLOPE         -5.372       999.000
 QUAD           1.000         1.000       999.000


           TWO-TAILED P-VALUE FOR ESTIMATED CORRELATION MATRIX FOR THE LATENT VARIABLES
              INTERCEP      SLOPE         QUAD
              ________      ________      ________
 INTERCEP       0.000
 SLOPE          0.000         0.000
 QUAD           0.317         0.317         0.000


SAMPLE STATISTICS FOR ESTIMATED FACTOR SCORES


     SAMPLE STATISTICS


           Means
              INTERCEP      INTERCEP      SLOPE         SLOPE_SE      QUAD
              ________      ________      ________      ________      ________
              635.258         7.631       -13.328         2.750        -1.938


           Means
              QUAD_SE
              ________
                0.000


           Covariances
              INTERCEP      INTERCEP      SLOPE         SLOPE_SE      QUAD
              ________      ________      ________      ________      ________
 INTERCEP    2482.436
 INTERCEP      -2.066         0.785
 SLOPE        -26.398         0.027         2.419
 SLOPE_SE      -0.333         0.066         0.007         0.015
 QUAD           0.000         0.000         0.000         0.000         0.000
 QUAD_SE        0.000         0.000         0.000         0.000         0.000


           Covariances
              QUAD_SE
              ________
 QUAD_SE        0.000


           Correlations
              INTERCEP      INTERCEP      SLOPE         SLOPE_SE      QUAD
              ________      ________      ________      ________      ________
 INTERCEP       1.000
 INTERCEP      -0.047         1.000
 SLOPE         -0.341         0.019         1.000
 SLOPE_SE      -0.054         0.602         0.034         1.000
 QUAD         999.000       999.000       999.000       999.000         1.000
 QUAD_SE      999.000       999.000       999.000       999.000       999.000


           Correlations
              QUAD_SE
              ________
 QUAD_SE        1.000


PLOT INFORMATION

The following plots are available:

  Histograms (sample values, estimated factor scores, estimated values, residuals)
  Scatterplots (sample values, estimated factor scores, estimated values, residuals)
  Sample means
  Estimated means
  Sample and estimated means
  Latent variable distribution plots
  Observed individual values
  Estimated individual values

     Beginning Time:  09:35:32
        Ending Time:  09:35:32
       Elapsed Time:  00:00:00



MUTHEN & MUTHEN
3463 Stoner Ave.
Los Angeles, CA  90066

Tel: (310) 391-9971
Fax: (310) 391-8971
Web: www.StatModel.com
Support: Support@StatModel.com

Copyright (c) 1998-2022 Muthen & Muthen
