Mplus VERSION 8.8 (Mac)
MUTHEN & MUTHEN
02/27/2026   9:30 AM

INPUT INSTRUCTIONS

  TITLE:	full model - FEMALE

  DATA:
  FILE IS dfmerged_mplus.dat;

  DEFINE:
    ! Rescale large variables to avoid variance > 1,000,000
    ! r indicates rescaled
    rT1_cort = cort_vol_1 / 1000;
    rT2_cort = cort_vol_2 / 1000;
    rT3_cort = cort_vol_3 / 1000;
    rT4_cort = cort_vol_4 / 1000;

  VARIABLE:	
  NAMES =
  numeric_id sex
  age_1 age_2 age_3 age_4
  subcort_vol_1 subcort_vol_2 subcort_vol_3 subcort_vol_4
  cort_vol_1 cort_vol_2 cort_vol_3 cort_vol_4
  fam_ID
  T1_totalGMV T2_totalGMV T3_totalGMV T4_totalGMV
  yfPDStiming yfPDStempo pfPDStiming pfPDStempo
  ymPDStiming ymPDStempo pmPDStiming pmPDStempo
  wmb wm6
  ela_plus;

  MISSING = ALL (-999);

  USEVAR =
  !pfPDStiming pfPDStempo
  !ela_plus
  wmb
  wm6;
  !rT1_cort rT2_cort rT3_cort rT4_cort;


  USEOBS are sex EQ 2;
  CLUSTER = fam_ID;

  ANALYSIS:
  TYPE = COMPLEX;
  ESTIMATOR = MLR;
  ITERATIONS = 10000;
  	
  MODEL:	

  wmb wm6;

  !WM latent change score

  WMB_l BY wmb@1;
  WM6_l BY wm6@1;
  !the latent true scores yt1 and yt2

  wmb@0;
  wm6@0;
  !the residual variances of the observed variables (Yt1, Yt2) are fixed to 0

  [wmb@0];
  [wm6@0];
  !the intercepts of the observed variables (Yt1, Yt2) are fixed to 0

  WM6_l on WMB_l@1;
  !the autoregressive parameter (fixed to 1)

  Change by WM6_l@1;
  !the latent change factor (the factor loading is fixed to 1)

  WMB_l with Change;
  !the covariance between the latent true score at T1 (yt1) and the
  !latent change factor

  WMB_l;
  !the variance of the latent true score at T1 (yt1) is freely estimated

  [WMB_l];
  !the mean of the latent true score at T1 (yt1) is freely estimated

  Change;
  !the variance of the latent change factor is freely estimated

  [Change];
  !the mean of the latent change factor is freely estimated

  WM6_l@0;
  !the residual variance of the latent true score at T2 (yt2) is fixed to 0

  [WM6_l@0];
  !the intercept of the latent true score at T2 (yt2) is fixed to 0


  OUTPUT: SAMPSTAT STANDARDIZED TECH4 CINTERVAL;








*** WARNING in VARIABLE command
  When a subpopulation is analyzed with TYPE=COMPLEX, standard errors
  may be incorrect.  Use the SUBPOPULATION option instead of the
  USEOBSERVATIONS option to obtain correct standard errors.
*** WARNING
  Data set contains cases with missing on all variables.
  These cases were not included in the analysis.
  Number of cases with missing on all variables:  2
   2 WARNING(S) FOUND IN THE INPUT INSTRUCTIONS



full model - FEMALE

SUMMARY OF ANALYSIS

Number of groups                                                 1
Number of observations                                        2395

Number of dependent variables                                    2
Number of independent variables                                  0
Number of continuous latent variables                            3

Observed dependent variables

  Continuous
   WMB         WM6

Continuous latent variables
   WMB_L       WM6_L       CHANGE

Variables with special functions

  Cluster variable      FAM_ID

Estimator                                                      MLR
Information matrix                                        OBSERVED
Maximum number of iterations                                 10000
Convergence criterion                                    0.500D-04
Maximum number of steepest descent iterations                   20
Maximum number of iterations for H1                           2000
Convergence criterion for H1                             0.100D-03

Input data file(s)
  dfmerged_mplus.dat

Input data format  FREE


SUMMARY OF DATA

     Number of missing data patterns             3
     Number of clusters                       2062



COVARIANCE COVERAGE OF DATA

Minimum covariance coverage value   0.100


     PROPORTION OF DATA PRESENT


           Covariance Coverage
              WMB           WM6
              ________      ________
 WMB            0.986
 WM6            0.954         0.968


SAMPLE STATISTICS


     ESTIMATED SAMPLE STATISTICS


           Means
              WMB           WM6
              ________      ________
               16.047        18.916


           Covariances
              WMB           WM6
              ________      ________
 WMB            8.352
 WM6            3.738         8.209


           Correlations
              WMB           WM6
              ________      ________
 WMB            1.000
 WM6            0.451         1.000


     MAXIMUM LOG-LIKELIHOOD VALUE FOR THE UNRESTRICTED (H1) MODEL IS -11326.889


UNIVARIATE SAMPLE STATISTICS


     UNIVARIATE HIGHER-ORDER MOMENT DESCRIPTIVE STATISTICS

         Variable/         Mean/     Skewness/   Minimum/ % with                Percentiles
        Sample Size      Variance    Kurtosis    Maximum  Min/Max      20%/60%    40%/80%    Median

     WMB                  16.052      -0.413       1.000    0.08%      14.000     16.000     16.000
            2362.000       8.338       0.798      26.000    0.04%      17.000     18.000
     WM6                  18.920      -0.307       0.000    0.04%      17.000     18.000     19.000
            2318.000       8.225       1.187      26.000    1.04%      20.000     21.000


THE MODEL ESTIMATION TERMINATED NORMALLY



MODEL FIT INFORMATION

Number of Free Parameters                        5

Loglikelihood

          H0 Value                      -11326.889
          H0 Scaling Correction Factor      1.3096
            for MLR
          H1 Value                      -11326.889
          H1 Scaling Correction Factor      1.3096
            for MLR

Information Criteria

          Akaike (AIC)                   22663.777
          Bayesian (BIC)                 22692.683
          Sample-Size Adjusted BIC       22676.797
            (n* = (n + 2) / 24)

Chi-Square Test of Model Fit

          Value                              0.000*
          Degrees of Freedom                     0
          P-Value                           0.0000
          Scaling Correction Factor         1.0000
            for MLR

*   The chi-square value for MLM, MLMV, MLR, ULSMV, WLSM and WLSMV cannot be used
    for chi-square difference testing in the regular way.  MLM, MLR and WLSM
    chi-square difference testing is described on the Mplus website.  MLMV, WLSMV,
    and ULSMV difference testing is done using the DIFFTEST option.

RMSEA (Root Mean Square Error Of Approximation)

          Estimate                           0.000
          90 Percent C.I.                    0.000  0.000
          Probability RMSEA <= .05           0.000

CFI/TLI

          CFI                                1.000
          TLI                                1.000

Chi-Square Test of Model Fit for the Baseline Model

          Value                            375.457
          Degrees of Freedom                     1
          P-Value                           0.0000

SRMR (Standardized Root Mean Square Residual)

          Value                              0.000



MODEL RESULTS

                                                    Two-Tailed
                    Estimate       S.E.  Est./S.E.    P-Value

 WMB_L    BY
    WMB                1.000      0.000    999.000    999.000

 WM6_L    BY
    WM6                1.000      0.000    999.000    999.000

 CHANGE   BY
    WM6_L              1.000      0.000    999.000    999.000

 WM6_L    ON
    WMB_L              1.000      0.000    999.000    999.000

 WMB_L    WITH
    CHANGE            -4.614      0.249    -18.517      0.000

 Means
    WMB_L             16.047      0.061    263.235      0.000
    CHANGE             2.869      0.063     45.867      0.000

 Intercepts
    WMB                0.000      0.000    999.000    999.000
    WM6                0.000      0.000    999.000    999.000
    WM6_L              0.000      0.000    999.000    999.000

 Variances
    WMB_L              8.352      0.289     28.869      0.000
    CHANGE             9.085      0.345     26.369      0.000

 Residual Variances
    WMB                0.000      0.000    999.000    999.000
    WM6                0.000      0.000    999.000    999.000
    WM6_L              0.000      0.000    999.000    999.000


QUALITY OF NUMERICAL RESULTS

     Condition Number for the Information Matrix              0.348E-02
       (ratio of smallest to largest eigenvalue)


STANDARDIZED MODEL RESULTS


STDYX Standardization

                                                    Two-Tailed
                    Estimate       S.E.  Est./S.E.    P-Value

 WMB_L    BY
    WMB                1.000      0.000    999.000    999.000

 WM6_L    BY
    WM6                1.000      0.000    999.000    999.000

 CHANGE   BY
    WM6_L              1.052      0.021     49.565      0.000

 WM6_L    ON
    WMB_L              1.009      0.023     43.913      0.000

 WMB_L    WITH
    CHANGE            -0.530      0.018    -29.724      0.000

 Means
    WMB_L              5.553      0.103     53.698      0.000
    CHANGE             0.952      0.026     36.056      0.000

 Intercepts
    WMB                0.000      0.000    999.000    999.000
    WM6                0.000      0.000    999.000    999.000
    WM6_L              0.000      0.000    999.000    999.000

 Variances
    WMB_L              1.000      0.000    999.000    999.000
    CHANGE             1.000      0.000    999.000    999.000

 Residual Variances
    WMB                0.000    999.000    999.000    999.000
    WM6                0.000    999.000    999.000    999.000
    WM6_L              0.000    999.000    999.000    999.000


STDY Standardization

                                                    Two-Tailed
                    Estimate       S.E.  Est./S.E.    P-Value

 WMB_L    BY
    WMB                1.000      0.000    999.000    999.000

 WM6_L    BY
    WM6                1.000      0.000    999.000    999.000

 CHANGE   BY
    WM6_L              1.052      0.021     49.565      0.000

 WM6_L    ON
    WMB_L              1.009      0.023     43.913      0.000

 WMB_L    WITH
    CHANGE            -0.530      0.018    -29.724      0.000

 Means
    WMB_L              5.553      0.103     53.698      0.000
    CHANGE             0.952      0.026     36.056      0.000

 Intercepts
    WMB                0.000      0.000    999.000    999.000
    WM6                0.000      0.000    999.000    999.000
    WM6_L              0.000      0.000    999.000    999.000

 Variances
    WMB_L              1.000      0.000    999.000    999.000
    CHANGE             1.000      0.000    999.000    999.000

 Residual Variances
    WMB              999.000    999.000    999.000    999.000
    WM6              999.000    999.000    999.000    999.000
    WM6_L            999.000    999.000    999.000    999.000


STD Standardization

                                                    Two-Tailed
                    Estimate       S.E.  Est./S.E.    P-Value

 WMB_L    BY
    WMB                2.890      0.050     57.739      0.000

 WM6_L    BY
    WM6                2.865      0.054     53.545      0.000

 CHANGE   BY
    WM6_L              1.052      0.021     49.565      0.000

 WM6_L    ON
    WMB_L              1.009      0.023     43.913      0.000

 WMB_L    WITH
    CHANGE            -0.530      0.018    -29.724      0.000

 Means
    WMB_L              5.553      0.103     53.698      0.000
    CHANGE             0.952      0.026     36.056      0.000

 Intercepts
    WMB                0.000      0.000    999.000    999.000
    WM6                0.000      0.000    999.000    999.000
    WM6_L              0.000      0.000    999.000    999.000

 Variances
    WMB_L              1.000      0.000    999.000    999.000
    CHANGE             1.000      0.000    999.000    999.000

 Residual Variances
    WMB              999.000    999.000    999.000    999.000
    WM6              999.000    999.000    999.000    999.000
    WM6_L            999.000    999.000    999.000    999.000


R-SQUARE

    Observed                                        Two-Tailed
    Variable        Estimate       S.E.  Est./S.E.    P-Value

    WMB                1.000    999.000    999.000    999.000
    WM6                1.000    999.000    999.000    999.000

     Latent                                         Two-Tailed
    Variable        Estimate       S.E.  Est./S.E.    P-Value

    WM6_L              1.000    999.000    999.000    999.000


CONFIDENCE INTERVALS OF MODEL RESULTS

                  Lower .5%  Lower 2.5%    Lower 5%    Estimate    Upper 5%  Upper 2.5%   Upper .5%

 WMB_L    BY
    WMB              1.000       1.000       1.000       1.000       1.000       1.000       1.000

 WM6_L    BY
    WM6              1.000       1.000       1.000       1.000       1.000       1.000       1.000

 CHANGE   BY
    WM6_L            1.000       1.000       1.000       1.000       1.000       1.000       1.000

 WM6_L    ON
    WMB_L            1.000       1.000       1.000       1.000       1.000       1.000       1.000

 WMB_L    WITH
    CHANGE          -5.256      -5.103      -5.024      -4.614      -4.204      -4.126      -3.972

 Means
    WMB_L           15.890      15.928      15.947      16.047      16.147      16.167      16.204
    CHANGE           2.708       2.746       2.766       2.869       2.972       2.992       3.030

 Intercepts
    WMB              0.000       0.000       0.000       0.000       0.000       0.000       0.000
    WM6              0.000       0.000       0.000       0.000       0.000       0.000       0.000
    WM6_L            0.000       0.000       0.000       0.000       0.000       0.000       0.000

 Variances
    WMB_L            7.607       7.785       7.876       8.352       8.828       8.919       9.097
    CHANGE           8.198       8.410       8.518       9.085       9.652       9.760       9.972

 Residual Variances
    WMB              0.000       0.000       0.000       0.000       0.000       0.000       0.000
    WM6              0.000       0.000       0.000       0.000       0.000       0.000       0.000
    WM6_L            0.000       0.000       0.000       0.000       0.000       0.000       0.000


CONFIDENCE INTERVALS OF STANDARDIZED MODEL RESULTS


STDYX Standardization

                  Lower .5%  Lower 2.5%    Lower 5%    Estimate    Upper 5%  Upper 2.5%   Upper .5%

 WMB_L    BY
    WMB              1.000       1.000       1.000       1.000       1.000       1.000       1.000

 WM6_L    BY
    WM6              1.000       1.000       1.000       1.000       1.000       1.000       1.000

 CHANGE   BY
    WM6_L            0.997       1.010       1.017       1.052       1.087       1.094       1.107

 WM6_L    ON
    WMB_L            0.950       0.964       0.971       1.009       1.046       1.054       1.068

 WMB_L    WITH
    CHANGE          -0.576      -0.565      -0.559      -0.530      -0.500      -0.495      -0.484

 Means
    WMB_L            5.286       5.350       5.383       5.553       5.723       5.755       5.819
    CHANGE           0.884       0.900       0.908       0.952       0.995       1.004       1.020

 Intercepts
    WMB              0.000       0.000       0.000       0.000       0.000       0.000       0.000
    WM6              0.000       0.000       0.000       0.000       0.000       0.000       0.000
    WM6_L            0.000       0.000       0.000       0.000       0.000       0.000       0.000

 Variances
    WMB_L            1.000       1.000       1.000       1.000       1.000       1.000       1.000
    CHANGE           1.000       1.000       1.000       1.000       1.000       1.000       1.000

 Residual Variances
    WMB            999.000     999.000     999.000       0.000     999.000     999.000     999.000
    WM6            999.000     999.000     999.000       0.000     999.000     999.000     999.000
    WM6_L          999.000     999.000     999.000       0.000     999.000     999.000     999.000


STDY Standardization

                  Lower .5%  Lower 2.5%    Lower 5%    Estimate    Upper 5%  Upper 2.5%   Upper .5%

 WMB_L    BY
    WMB              1.000       1.000       1.000       1.000       1.000       1.000       1.000

 WM6_L    BY
    WM6              1.000       1.000       1.000       1.000       1.000       1.000       1.000

 CHANGE   BY
    WM6_L            0.997       1.010       1.017       1.052       1.087       1.094       1.107

 WM6_L    ON
    WMB_L            0.950       0.964       0.971       1.009       1.046       1.054       1.068

 WMB_L    WITH
    CHANGE          -0.576      -0.565      -0.559      -0.530      -0.500      -0.495      -0.484

 Means
    WMB_L            5.286       5.350       5.383       5.553       5.723       5.755       5.819
    CHANGE           0.884       0.900       0.908       0.952       0.995       1.004       1.020

 Intercepts
    WMB              0.000       0.000       0.000       0.000       0.000       0.000       0.000
    WM6              0.000       0.000       0.000       0.000       0.000       0.000       0.000
    WM6_L            0.000       0.000       0.000       0.000       0.000       0.000       0.000

 Variances
    WMB_L            1.000       1.000       1.000       1.000       1.000       1.000       1.000
    CHANGE           1.000       1.000       1.000       1.000       1.000       1.000       1.000

 Residual Variances
    WMB            999.000     999.000     999.000     999.000     999.000     999.000     999.000
    WM6            999.000     999.000     999.000     999.000     999.000     999.000     999.000
    WM6_L          999.000     999.000     999.000     999.000     999.000     999.000     999.000


STD Standardization

                  Lower .5%  Lower 2.5%    Lower 5%    Estimate    Upper 5%  Upper 2.5%   Upper .5%

 WMB_L    BY
    WMB              2.761       2.792       2.808       2.890       2.972       2.988       3.019

 WM6_L    BY
    WM6              2.727       2.760       2.777       2.865       2.953       2.970       3.003

 CHANGE   BY
    WM6_L            0.997       1.010       1.017       1.052       1.087       1.094       1.107

 WM6_L    ON
    WMB_L            0.950       0.964       0.971       1.009       1.046       1.054       1.068

 WMB_L    WITH
    CHANGE          -0.576      -0.565      -0.559      -0.530      -0.500      -0.495      -0.484

 Means
    WMB_L            5.286       5.350       5.383       5.553       5.723       5.755       5.819
    CHANGE           0.884       0.900       0.908       0.952       0.995       1.004       1.020

 Intercepts
    WMB              0.000       0.000       0.000       0.000       0.000       0.000       0.000
    WM6              0.000       0.000       0.000       0.000       0.000       0.000       0.000
    WM6_L            0.000       0.000       0.000       0.000       0.000       0.000       0.000

 Variances
    WMB_L            1.000       1.000       1.000       1.000       1.000       1.000       1.000
    CHANGE           1.000       1.000       1.000       1.000       1.000       1.000       1.000

 Residual Variances
    WMB            999.000     999.000     999.000     999.000     999.000     999.000     999.000
    WM6            999.000     999.000     999.000     999.000     999.000     999.000     999.000
    WM6_L          999.000     999.000     999.000     999.000     999.000     999.000     999.000


TECHNICAL 4 OUTPUT


     ESTIMATES DERIVED FROM THE MODEL


           ESTIMATED MEANS FOR THE LATENT VARIABLES
              WMB_L         WM6_L         CHANGE
              ________      ________      ________
               16.047        18.916         2.869


           S.E. FOR ESTIMATED MEANS FOR THE LATENT VARIABLES
              WMB_L         WM6_L         CHANGE
              ________      ________      ________
                0.061         0.061         0.063


           EST./S.E. FOR ESTIMATED MEANS FOR THE LATENT VARIABLES
              WMB_L         WM6_L         CHANGE
              ________      ________      ________
              263.235       308.255        45.867


           TWO-TAILED P-VALUE FOR ESTIMATED MEANS FOR THE LATENT VARIABLES
              WMB_L         WM6_L         CHANGE
              ________      ________      ________
                0.000         0.000         0.000


           ESTIMATED COVARIANCE MATRIX FOR THE LATENT VARIABLES
              WMB_L         WM6_L         CHANGE
              ________      ________      ________
 WMB_L          8.352
 WM6_L          3.738         8.209
 CHANGE        -4.614         4.471         9.085


           S.E. FOR ESTIMATED COVARIANCE MATRIX FOR THE LATENT VARIABLES
              WMB_L         WM6_L         CHANGE
              ________      ________      ________
 WMB_L          0.289
 WM6_L          0.203         0.307
 CHANGE         0.249         0.261         0.345


           EST./S.E. FOR ESTIMATED COVARIANCE MATRIX FOR THE LATENT VARIABLES
              WMB_L         WM6_L         CHANGE
              ________      ________      ________
 WMB_L         28.869
 WM6_L         18.421        26.773
 CHANGE       -18.517        17.112        26.369


           TWO-TAILED P-VALUE FOR ESTIMATED COVARIANCE MATRIX FOR THE LATENT VARIABLES
              WMB_L         WM6_L         CHANGE
              ________      ________      ________
 WMB_L          0.000
 WM6_L          0.000         0.000
 CHANGE         0.000         0.000         0.000


           ESTIMATED CORRELATION MATRIX FOR THE LATENT VARIABLES
              WMB_L         WM6_L         CHANGE
              ________      ________      ________
 WMB_L          1.000
 WM6_L          0.451         1.000
 CHANGE        -0.530         0.518         1.000


           S.E. FOR ESTIMATED CORRELATION MATRIX FOR THE LATENT VARIABLES
              WMB_L         WM6_L         CHANGE
              ________      ________      ________
 WMB_L          0.000
 WM6_L          0.018         0.000
 CHANGE         0.018         0.018         0.000


           EST./S.E. FOR ESTIMATED CORRELATION MATRIX FOR THE LATENT VARIABLES
              WMB_L         WM6_L         CHANGE
              ________      ________      ________
 WMB_L        999.000
 WM6_L         24.770       999.000
 CHANGE       -29.724        28.424       999.000


           TWO-TAILED P-VALUE FOR ESTIMATED CORRELATION MATRIX FOR THE LATENT VARIABLES
              WMB_L         WM6_L         CHANGE
              ________      ________      ________
 WMB_L          0.000
 WM6_L          0.000         0.000
 CHANGE         0.000         0.000         0.000


     Beginning Time:  09:30:39
        Ending Time:  09:30:39
       Elapsed Time:  00:00:00



MUTHEN & MUTHEN
3463 Stoner Ave.
Los Angeles, CA  90066

Tel: (310) 391-9971
Fax: (310) 391-8971
Web: www.StatModel.com
Support: Support@StatModel.com

Copyright (c) 1998-2022 Muthen & Muthen
